This is pdfTeX, Version 3.141592653-2.6-1.40.25 (MiKTeX 23.12) (preloaded format=pdflatex 2023.12.29)  11 JAN 2024 21:46
entering extended mode
 restricted \write18 enabled.
 file:line:error style messages enabled.
 %&-line parsing enabled.
**"c:/Users/josue/Desktop/LaTeX/EPS_Thesis/Thesis_Presentation_Completa _45min/main.tex"
(c:/Users/josue/Desktop/LaTeX/EPS_Thesis/Thesis_Presentation_Completa _45min/main.tex
LaTeX2e <2023-11-01>
L3 programming layer <2023-12-11>
(C:\Users\josue\AppData\Local\Programs\MiKTeX\tex/latex/beamer\beamer.cls
Document Class: beamer 2023/05/15 v3.70 A class for typesetting presentations
(C:\Users\josue\AppData\Local\Programs\MiKTeX\tex/latex/beamer\beamerbasemodes.sty (C:\Users\josue\AppData\Local\Programs\MiKTeX\tex/latex/etoolbox\etoolbox.sty
Package: etoolbox 2020/10/05 v2.5k e-TeX tools for LaTeX (JAW)
\etb@tempcnta=\count187
)
\beamer@tempbox=\box51
\beamer@tempcount=\count188
\c@beamerpauses=\count189
 (C:\Users\josue\AppData\Local\Programs\MiKTeX\tex/latex/beamer\beamerbasedecode.sty
\beamer@slideinframe=\count190
\beamer@minimum=\count191
\beamer@decode@box=\box52
)
\beamer@commentbox=\box53
\beamer@modecount=\count192
) (C:\Users\josue\AppData\Local\Programs\MiKTeX\tex/generic/iftex\iftex.sty
Package: iftex 2022/02/03 v1.0f TeX engine tests
)
\headdp=\dimen140
\footheight=\dimen141
\sidebarheight=\dimen142
\beamer@tempdim=\dimen143
\beamer@finalheight=\dimen144
\beamer@animht=\dimen145
\beamer@animdp=\dimen146
\beamer@animwd=\dimen147
\beamer@leftmargin=\dimen148
\beamer@rightmargin=\dimen149
\beamer@leftsidebar=\dimen150
\beamer@rightsidebar=\dimen151
\beamer@boxsize=\dimen152
\beamer@vboxoffset=\dimen153
\beamer@descdefault=\dimen154
\beamer@descriptionwidth=\dimen155
\beamer@lastskip=\skip48
\beamer@areabox=\box54
\beamer@animcurrent=\box55
\beamer@animshowbox=\box56
\beamer@sectionbox=\box57
\beamer@logobox=\box58
\beamer@linebox=\box59
\beamer@sectioncount=\count193
\beamer@subsubsectionmax=\count194
\beamer@subsectionmax=\count195
\beamer@sectionmax=\count196
\beamer@totalheads=\count197
\beamer@headcounter=\count198
\beamer@partstartpage=\count199
\beamer@sectionstartpage=\count266
\beamer@subsectionstartpage=\count267
\beamer@animationtempa=\count268
\beamer@animationtempb=\count269
\beamer@xpos=\count270
\beamer@ypos=\count271
\beamer@ypos@offset=\count272
\beamer@showpartnumber=\count273
\beamer@currentsubsection=\count274
\beamer@coveringdepth=\count275
\beamer@sectionadjust=\count276
\beamer@toclastsection=\count277
\beamer@tocsectionnumber=\count278
 (C:\Users\josue\AppData\Local\Programs\MiKTeX\tex/latex/beamer\beamerbaseoptions.sty (C:\Users\josue\AppData\Local\Programs\MiKTeX\tex/latex/graphics\keyval.sty
Package: keyval 2022/05/29 v1.15 key=value parser (DPC)
\KV@toks@=\toks17
))
\beamer@paperwidth=\skip49
\beamer@paperheight=\skip50
 (C:\Users\josue\AppData\Local\Programs\MiKTeX\tex/latex/geometry\geometry.sty
Package: geometry 2020/01/02 v5.9 Page Geometry
 (C:\Users\josue\AppData\Local\Programs\MiKTeX\tex/generic/iftex\ifvtex.sty
Package: ifvtex 2019/10/25 v1.7 ifvtex legacy package. Use iftex instead.
)
\Gm@cnth=\count279
\Gm@cntv=\count280
\c@Gm@tempcnt=\count281
\Gm@bindingoffset=\dimen156
\Gm@wd@mp=\dimen157
\Gm@odd@mp=\dimen158
\Gm@even@mp=\dimen159
\Gm@layoutwidth=\dimen160
\Gm@layoutheight=\dimen161
\Gm@layouthoffset=\dimen162
\Gm@layoutvoffset=\dimen163
\Gm@dimlist=\toks18
 (C:\Users\josue\AppData\Local\Programs\MiKTeX\tex/latex/geometry\geometry.cfg)) (C:\Users\josue\AppData\Local\Programs\MiKTeX\tex/latex/pgf/math\pgfmath.sty (C:\Users\josue\AppData\Local\Programs\MiKTeX\tex/latex/pgf/utilities\pgfrcs.sty (C:\Users\josue\AppData\Local\Programs\MiKTeX\tex/generic/pgf/utilities\pgfutil-common.tex
\pgfutil@everybye=\toks19
\pgfutil@tempdima=\dimen164
\pgfutil@tempdimb=\dimen165
) (C:\Users\josue\AppData\Local\Programs\MiKTeX\tex/generic/pgf/utilities\pgfutil-latex.def
\pgfutil@abb=\box60
) (C:\Users\josue\AppData\Local\Programs\MiKTeX\tex/generic/pgf/utilities\pgfrcs.code.tex (C:\Users\josue\AppData\Local\Programs\MiKTeX\tex/generic/pgf\pgf.revision.tex)
Package: pgfrcs 2023-01-15 v3.1.10 (3.1.10)
)) (C:\Users\josue\AppData\Local\Programs\MiKTeX\tex/latex/pgf/utilities\pgfkeys.sty (C:\Users\josue\AppData\Local\Programs\MiKTeX\tex/generic/pgf/utilities\pgfkeys.code.tex
\pgfkeys@pathtoks=\toks20
\pgfkeys@temptoks=\toks21
 (C:\Users\josue\AppData\Local\Programs\MiKTeX\tex/generic/pgf/utilities\pgfkeyslibraryfiltered.code.tex
\pgfkeys@tmptoks=\toks22
))) (C:\Users\josue\AppData\Local\Programs\MiKTeX\tex/generic/pgf/math\pgfmath.code.tex (C:\Users\josue\AppData\Local\Programs\MiKTeX\tex/generic/pgf/math\pgfmathutil.code.tex
\pgf@x=\dimen166
\pgf@xa=\dimen167
\pgf@xb=\dimen168
\pgf@xc=\dimen169
\pgf@y=\dimen170
\pgf@ya=\dimen171
\pgf@yb=\dimen172
\pgf@yc=\dimen173
\c@pgf@counta=\count282
\c@pgf@countb=\count283
\c@pgf@countc=\count284
\c@pgf@countd=\count285
) (C:\Users\josue\AppData\Local\Programs\MiKTeX\tex/generic/pgf/math\pgfmathparser.code.tex
\pgfmath@dimen=\dimen174
\pgfmath@count=\count286
\pgfmath@box=\box61
\pgfmath@toks=\toks23
\pgfmath@stack@operand=\toks24
\pgfmath@stack@operation=\toks25
) (C:\Users\josue\AppData\Local\Programs\MiKTeX\tex/generic/pgf/math\pgfmathfunctions.code.tex) (C:\Users\josue\AppData\Local\Programs\MiKTeX\tex/generic/pgf/math\pgfmathfunctions.basic.code.tex) (C:\Users\josue\AppData\Local\Programs\MiKTeX\tex/generic/pgf/math\pgfmathfunctions.trigonometric.code.tex) (C:\Users\josue\AppData\Local\Programs\MiKTeX\tex/generic/pgf/math\pgfmathfunctions.random.code.tex) (C:\Users\josue\AppData\Local\Programs\MiKTeX\tex/generic/pgf/math\pgfmathfunctions.comparison.code.tex) (C:\Users\josue\AppData\Local\Programs\MiKTeX\tex/generic/pgf/math\pgfmathfunctions.base.code.tex) (C:\Users\josue\AppData\Local\Programs\MiKTeX\tex/generic/pgf/math\pgfmathfunctions.round.code.tex) (C:\Users\josue\AppData\Local\Programs\MiKTeX\tex/generic/pgf/math\pgfmathfunctions.misc.code.tex) (C:\Users\josue\AppData\Local\Programs\MiKTeX\tex/generic/pgf/math\pgfmathfunctions.integerarithmetics.code.tex) (C:\Users\josue\AppData\Local\Programs\MiKTeX\tex/generic/pgf/math\pgfmathcalc.code.tex) (C:\Users\josue\AppData\Local\Programs\MiKTeX\tex/generic/pgf/math\pgfmathfloat.code.tex
\c@pgfmathroundto@lastzeros=\count287
))) (C:\Users\josue\AppData\Local\Programs\MiKTeX\tex/latex/base\size12.clo
File: size12.clo 2023/05/17 v1.4n Standard LaTeX file (size option)
) (C:\Users\josue\AppData\Local\Programs\MiKTeX\tex/latex/pgf/basiclayer\pgfcore.sty (C:\Users\josue\AppData\Local\Programs\MiKTeX\tex/latex/graphics\graphicx.sty
Package: graphicx 2021/09/16 v1.2d Enhanced LaTeX Graphics (DPC,SPQR)
 (C:\Users\josue\AppData\Local\Programs\MiKTeX\tex/latex/graphics\graphics.sty
Package: graphics 2022/03/10 v1.4e Standard LaTeX Graphics (DPC,SPQR)
 (C:\Users\josue\AppData\Local\Programs\MiKTeX\tex/latex/graphics\trig.sty
Package: trig 2021/08/11 v1.11 sin cos tan (DPC)
) (C:\Users\josue\AppData\Local\Programs\MiKTeX\tex/latex/graphics-cfg\graphics.cfg
File: graphics.cfg 2016/06/04 v1.11 sample graphics configuration
)
Package graphics Info: Driver file: pdftex.def on input line 107.
 (C:\Users\josue\AppData\Local\Programs\MiKTeX\tex/latex/graphics-def\pdftex.def
File: pdftex.def 2022/09/22 v1.2b Graphics/color driver for pdftex
))
\Gin@req@height=\dimen175
\Gin@req@width=\dimen176
) (C:\Users\josue\AppData\Local\Programs\MiKTeX\tex/latex/pgf/systemlayer\pgfsys.sty (C:\Users\josue\AppData\Local\Programs\MiKTeX\tex/generic/pgf/systemlayer\pgfsys.code.tex
Package: pgfsys 2023-01-15 v3.1.10 (3.1.10)
\pgf@x=\dimen177
\pgf@y=\dimen178
\pgf@xa=\dimen179
\pgf@ya=\dimen180
\pgf@xb=\dimen181
\pgf@yb=\dimen182
\pgf@xc=\dimen183
\pgf@yc=\dimen184
\pgf@xd=\dimen185
\pgf@yd=\dimen186
\w@pgf@writea=\write3
\r@pgf@reada=\read2
\c@pgf@counta=\count288
\c@pgf@countb=\count289
\c@pgf@countc=\count290
\c@pgf@countd=\count291
\t@pgf@toka=\toks26
\t@pgf@tokb=\toks27
\t@pgf@tokc=\toks28
\pgf@sys@id@count=\count292
 (C:\Users\josue\AppData\Local\Programs\MiKTeX\tex/generic/pgf/systemlayer\pgf.cfg
File: pgf.cfg 2023-01-15 v3.1.10 (3.1.10)
)
Driver file for pgf: pgfsys-pdftex.def
 (C:\Users\josue\AppData\Local\Programs\MiKTeX\tex/generic/pgf/systemlayer\pgfsys-pdftex.def
File: pgfsys-pdftex.def 2023-01-15 v3.1.10 (3.1.10)
 (C:\Users\josue\AppData\Local\Programs\MiKTeX\tex/generic/pgf/systemlayer\pgfsys-common-pdf.def
File: pgfsys-common-pdf.def 2023-01-15 v3.1.10 (3.1.10)
))) (C:\Users\josue\AppData\Local\Programs\MiKTeX\tex/generic/pgf/systemlayer\pgfsyssoftpath.code.tex
File: pgfsyssoftpath.code.tex 2023-01-15 v3.1.10 (3.1.10)
\pgfsyssoftpath@smallbuffer@items=\count293
\pgfsyssoftpath@bigbuffer@items=\count294
) (C:\Users\josue\AppData\Local\Programs\MiKTeX\tex/generic/pgf/systemlayer\pgfsysprotocol.code.tex
File: pgfsysprotocol.code.tex 2023-01-15 v3.1.10 (3.1.10)
)) (C:\Users\josue\AppData\Local\Programs\MiKTeX\tex/latex/xcolor\xcolor.sty
Package: xcolor 2023/11/15 v3.01 LaTeX color extensions (UK)
 (C:\Users\josue\AppData\Local\Programs\MiKTeX\tex/latex/graphics-cfg\color.cfg
File: color.cfg 2016/01/02 v1.6 sample color configuration
)
Package xcolor Info: Driver file: pdftex.def on input line 274.
 (C:\Users\josue\AppData\Local\Programs\MiKTeX\tex/latex/graphics\mathcolor.ltx)
Package xcolor Info: Model `cmy' substituted by `cmy0' on input line 1350.
Package xcolor Info: Model `hsb' substituted by `rgb' on input line 1354.
Package xcolor Info: Model `RGB' extended on input line 1366.
Package xcolor Info: Model `HTML' substituted by `rgb' on input line 1368.
Package xcolor Info: Model `Hsb' substituted by `hsb' on input line 1369.
Package xcolor Info: Model `tHsb' substituted by `hsb' on input line 1370.
Package xcolor Info: Model `HSB' substituted by `hsb' on input line 1371.
Package xcolor Info: Model `Gray' substituted by `gray' on input line 1372.
Package xcolor Info: Model `wave' substituted by `hsb' on input line 1373.
) (C:\Users\josue\AppData\Local\Programs\MiKTeX\tex/generic/pgf/basiclayer\pgfcore.code.tex
Package: pgfcore 2023-01-15 v3.1.10 (3.1.10)
 (C:\Users\josue\AppData\Local\Programs\MiKTeX\tex/generic/pgf/math\pgfint.code.tex) (C:\Users\josue\AppData\Local\Programs\MiKTeX\tex/generic/pgf/basiclayer\pgfcorepoints.code.tex
File: pgfcorepoints.code.tex 2023-01-15 v3.1.10 (3.1.10)
\pgf@picminx=\dimen187
\pgf@picmaxx=\dimen188
\pgf@picminy=\dimen189
\pgf@picmaxy=\dimen190
\pgf@pathminx=\dimen191
\pgf@pathmaxx=\dimen192
\pgf@pathminy=\dimen193
\pgf@pathmaxy=\dimen194
\pgf@xx=\dimen195
\pgf@xy=\dimen196
\pgf@yx=\dimen197
\pgf@yy=\dimen198
\pgf@zx=\dimen199
\pgf@zy=\dimen256
) (C:\Users\josue\AppData\Local\Programs\MiKTeX\tex/generic/pgf/basiclayer\pgfcorepathconstruct.code.tex
File: pgfcorepathconstruct.code.tex 2023-01-15 v3.1.10 (3.1.10)
\pgf@path@lastx=\dimen257
\pgf@path@lasty=\dimen258
) (C:\Users\josue\AppData\Local\Programs\MiKTeX\tex/generic/pgf/basiclayer\pgfcorepathusage.code.tex
File: pgfcorepathusage.code.tex 2023-01-15 v3.1.10 (3.1.10)
\pgf@shorten@end@additional=\dimen259
\pgf@shorten@start@additional=\dimen260
) (C:\Users\josue\AppData\Local\Programs\MiKTeX\tex/generic/pgf/basiclayer\pgfcorescopes.code.tex
File: pgfcorescopes.code.tex 2023-01-15 v3.1.10 (3.1.10)
\pgfpic=\box62
\pgf@hbox=\box63
\pgf@layerbox@main=\box64
\pgf@picture@serial@count=\count295
) (C:\Users\josue\AppData\Local\Programs\MiKTeX\tex/generic/pgf/basiclayer\pgfcoregraphicstate.code.tex
File: pgfcoregraphicstate.code.tex 2023-01-15 v3.1.10 (3.1.10)
\pgflinewidth=\dimen261
) (C:\Users\josue\AppData\Local\Programs\MiKTeX\tex/generic/pgf/basiclayer\pgfcoretransformations.code.tex
File: pgfcoretransformations.code.tex 2023-01-15 v3.1.10 (3.1.10)
\pgf@pt@x=\dimen262
\pgf@pt@y=\dimen263
\pgf@pt@temp=\dimen264
) (C:\Users\josue\AppData\Local\Programs\MiKTeX\tex/generic/pgf/basiclayer\pgfcorequick.code.tex
File: pgfcorequick.code.tex 2023-01-15 v3.1.10 (3.1.10)
) (C:\Users\josue\AppData\Local\Programs\MiKTeX\tex/generic/pgf/basiclayer\pgfcoreobjects.code.tex
File: pgfcoreobjects.code.tex 2023-01-15 v3.1.10 (3.1.10)
) (C:\Users\josue\AppData\Local\Programs\MiKTeX\tex/generic/pgf/basiclayer\pgfcorepathprocessing.code.tex
File: pgfcorepathprocessing.code.tex 2023-01-15 v3.1.10 (3.1.10)
) (C:\Users\josue\AppData\Local\Programs\MiKTeX\tex/generic/pgf/basiclayer\pgfcorearrows.code.tex
File: pgfcorearrows.code.tex 2023-01-15 v3.1.10 (3.1.10)
\pgfarrowsep=\dimen265
) (C:\Users\josue\AppData\Local\Programs\MiKTeX\tex/generic/pgf/basiclayer\pgfcoreshade.code.tex
File: pgfcoreshade.code.tex 2023-01-15 v3.1.10 (3.1.10)
\pgf@max=\dimen266
\pgf@sys@shading@range@num=\count296
\pgf@shadingcount=\count297
) (C:\Users\josue\AppData\Local\Programs\MiKTeX\tex/generic/pgf/basiclayer\pgfcoreimage.code.tex
File: pgfcoreimage.code.tex 2023-01-15 v3.1.10 (3.1.10)
) (C:\Users\josue\AppData\Local\Programs\MiKTeX\tex/generic/pgf/basiclayer\pgfcoreexternal.code.tex
File: pgfcoreexternal.code.tex 2023-01-15 v3.1.10 (3.1.10)
\pgfexternal@startupbox=\box65
) (C:\Users\josue\AppData\Local\Programs\MiKTeX\tex/generic/pgf/basiclayer\pgfcorelayers.code.tex
File: pgfcorelayers.code.tex 2023-01-15 v3.1.10 (3.1.10)
) (C:\Users\josue\AppData\Local\Programs\MiKTeX\tex/generic/pgf/basiclayer\pgfcoretransparency.code.tex
File: pgfcoretransparency.code.tex 2023-01-15 v3.1.10 (3.1.10)
) (C:\Users\josue\AppData\Local\Programs\MiKTeX\tex/generic/pgf/basiclayer\pgfcorepatterns.code.tex
File: pgfcorepatterns.code.tex 2023-01-15 v3.1.10 (3.1.10)
) (C:\Users\josue\AppData\Local\Programs\MiKTeX\tex/generic/pgf/basiclayer\pgfcorerdf.code.tex
File: pgfcorerdf.code.tex 2023-01-15 v3.1.10 (3.1.10)
))) (C:\Users\josue\AppData\Local\Programs\MiKTeX\tex/latex/pgf/utilities\xxcolor.sty
Package: xxcolor 2003/10/24 ver 0.1
\XC@nummixins=\count298
\XC@countmixins=\count299
) (C:\Users\josue\AppData\Local\Programs\MiKTeX\tex/latex/base\atbegshi-ltx.sty
Package: atbegshi-ltx 2021/01/10 v1.0c Emulation of the original atbegshi
package with kernel methods
) (C:\Users\josue\AppData\Local\Programs\MiKTeX\tex/latex/hyperref\hyperref.sty
Package: hyperref 2023-11-26 v7.01g Hypertext links for LaTeX
 (C:\Users\josue\AppData\Local\Programs\MiKTeX\tex/generic/infwarerr\infwarerr.sty
Package: infwarerr 2019/12/03 v1.5 Providing info/warning/error messages (HO)
) (C:\Users\josue\AppData\Local\Programs\MiKTeX\tex/latex/kvsetkeys\kvsetkeys.sty
Package: kvsetkeys 2022-10-05 v1.19 Key value parser (HO)
) (C:\Users\josue\AppData\Local\Programs\MiKTeX\tex/generic/kvdefinekeys\kvdefinekeys.sty
Package: kvdefinekeys 2019-12-19 v1.6 Define keys (HO)
) (C:\Users\josue\AppData\Local\Programs\MiKTeX\tex/generic/pdfescape\pdfescape.sty
Package: pdfescape 2019/12/09 v1.15 Implements pdfTeX's escape features (HO)
 (C:\Users\josue\AppData\Local\Programs\MiKTeX\tex/generic/ltxcmds\ltxcmds.sty
Package: ltxcmds 2023-12-04 v1.26 LaTeX kernel commands for general use (HO)
) (C:\Users\josue\AppData\Local\Programs\MiKTeX\tex/generic/pdftexcmds\pdftexcmds.sty
Package: pdftexcmds 2020-06-27 v0.33 Utility functions of pdfTeX for LuaTeX (HO)
Package pdftexcmds Info: \pdf@primitive is available.
Package pdftexcmds Info: \pdf@ifprimitive is available.
Package pdftexcmds Info: \pdfdraftmode found.
)) (C:\Users\josue\AppData\Local\Programs\MiKTeX\tex/latex/hycolor\hycolor.sty
Package: hycolor 2020-01-27 v1.10 Color options for hyperref/bookmark (HO)
) (C:\Users\josue\AppData\Local\Programs\MiKTeX\tex/latex/letltxmacro\letltxmacro.sty
Package: letltxmacro 2019/12/03 v1.6 Let assignment for LaTeX macros (HO)
) (C:\Users\josue\AppData\Local\Programs\MiKTeX\tex/latex/auxhook\auxhook.sty
Package: auxhook 2019-12-17 v1.6 Hooks for auxiliary files (HO)
) (C:\Users\josue\AppData\Local\Programs\MiKTeX\tex/latex/hyperref\nameref.sty
Package: nameref 2023-11-26 v2.56 Cross-referencing by name of section
 (C:\Users\josue\AppData\Local\Programs\MiKTeX\tex/latex/refcount\refcount.sty
Package: refcount 2019/12/15 v3.6 Data extraction from label references (HO)
) (C:\Users\josue\AppData\Local\Programs\MiKTeX\tex/generic/gettitlestring\gettitlestring.sty
Package: gettitlestring 2019/12/15 v1.6 Cleanup title references (HO)
 (C:\Users\josue\AppData\Local\Programs\MiKTeX\tex/latex/kvoptions\kvoptions.sty
Package: kvoptions 2022-06-15 v3.15 Key value format for package options (HO)
))
\c@section@level=\count300
)
\@linkdim=\dimen267
\Hy@linkcounter=\count301
\Hy@pagecounter=\count302
 (C:\Users\josue\AppData\Local\Programs\MiKTeX\tex/latex/hyperref\pd1enc.def
File: pd1enc.def 2023-11-26 v7.01g Hyperref: PDFDocEncoding definition (HO)
Now handling font encoding PD1 ...
... no UTF-8 mapping file for font encoding PD1
) (C:\Users\josue\AppData\Local\Programs\MiKTeX\tex/generic/intcalc\intcalc.sty
Package: intcalc 2019/12/15 v1.3 Expandable calculations with integers (HO)
)
\Hy@SavedSpaceFactor=\count303
 (C:\Users\josue\AppData\Local\Programs\MiKTeX\tex/latex/hyperref\puenc.def
File: puenc.def 2023-11-26 v7.01g Hyperref: PDF Unicode definition (HO)
Now handling font encoding PU ...
... no UTF-8 mapping file for font encoding PU
)
Package hyperref Info: Option `bookmarks' set `true' on input line 4064.
Package hyperref Info: Option `bookmarksopen' set `true' on input line 4064.
Package hyperref Info: Option `implicit' set `false' on input line 4064.
Package hyperref Info: Hyper figures OFF on input line 4181.
Package hyperref Info: Link nesting OFF on input line 4186.
Package hyperref Info: Hyper index ON on input line 4189.
Package hyperref Info: Plain pages OFF on input line 4196.
Package hyperref Info: Backreferencing OFF on input line 4201.
Package hyperref Info: Implicit mode OFF; no redefinition of LaTeX internals.
Package hyperref Info: Bookmarks ON on input line 4448.
\c@Hy@tempcnt=\count304
 (C:\Users\josue\AppData\Local\Programs\MiKTeX\tex/latex/url\url.sty
\Urlmuskip=\muskip16
Package: url 2013/09/16  ver 3.4  Verb mode for urls, etc.
)
LaTeX Info: Redefining \url on input line 4786.
\XeTeXLinkMargin=\dimen268
 (C:\Users\josue\AppData\Local\Programs\MiKTeX\tex/generic/bitset\bitset.sty
Package: bitset 2019/12/09 v1.3 Handle bit-vector datatype (HO)
 (C:\Users\josue\AppData\Local\Programs\MiKTeX\tex/generic/bigintcalc\bigintcalc.sty
Package: bigintcalc 2019/12/15 v1.5 Expandable calculations on big integers (HO)
))
\Fld@menulength=\count305
\Field@Width=\dimen269
\Fld@charsize=\dimen270
Package hyperref Info: Hyper figures OFF on input line 6065.
Package hyperref Info: Link nesting OFF on input line 6070.
Package hyperref Info: Hyper index ON on input line 6073.
Package hyperref Info: backreferencing OFF on input line 6080.
Package hyperref Info: Link coloring OFF on input line 6085.
Package hyperref Info: Link coloring with OCG OFF on input line 6090.
Package hyperref Info: PDF/A mode OFF on input line 6095.
\Hy@abspage=\count306


Package hyperref Message: Stopped early.

)
Package hyperref Info: Driver (autodetected): hpdftex.
 (C:\Users\josue\AppData\Local\Programs\MiKTeX\tex/latex/hyperref\hpdftex.def
File: hpdftex.def 2023-11-26 v7.01g Hyperref driver for pdfTeX
 (C:\Users\josue\AppData\Local\Programs\MiKTeX\tex/latex/base\atveryend-ltx.sty
Package: atveryend-ltx 2020/08/19 v1.0a Emulation of the original atveryend package
with kernel methods
)
\Fld@listcount=\count307
\c@bookmark@seq@number=\count308
 (C:\Users\josue\AppData\Local\Programs\MiKTeX\tex/latex/rerunfilecheck\rerunfilecheck.sty
Package: rerunfilecheck 2022-07-10 v1.10 Rerun checks for auxiliary files (HO)
 (C:\Users\josue\AppData\Local\Programs\MiKTeX\tex/generic/uniquecounter\uniquecounter.sty
Package: uniquecounter 2019/12/15 v1.4 Provide unlimited unique counter (HO)
)
Package uniquecounter Info: New unique counter `rerunfilecheck' on input line 285.
)) (C:\Users\josue\AppData\Local\Programs\MiKTeX\tex/latex/beamer\beamerbaserequires.sty (C:\Users\josue\AppData\Local\Programs\MiKTeX\tex/latex/beamer\beamerbasecompatibility.sty) (C:\Users\josue\AppData\Local\Programs\MiKTeX\tex/latex/beamer\beamerbasefont.sty (C:\Users\josue\AppData\Local\Programs\MiKTeX\tex/latex/amsfonts\amssymb.sty
Package: amssymb 2013/01/14 v3.01 AMS font symbols
 (C:\Users\josue\AppData\Local\Programs\MiKTeX\tex/latex/amsfonts\amsfonts.sty
Package: amsfonts 2013/01/14 v3.01 Basic AMSFonts support
\@emptytoks=\toks29
\symAMSa=\mathgroup4
\symAMSb=\mathgroup5
LaTeX Font Info:    Redeclaring math symbol \hbar on input line 98.
LaTeX Font Info:    Overwriting math alphabet `\mathfrak' in version `bold'
(Font)                  U/euf/m/n --> U/euf/b/n on input line 106.
)) (C:\Users\josue\AppData\Local\Programs\MiKTeX\tex/latex/sansmathaccent\sansmathaccent.sty
Package: sansmathaccent 2020/01/31
 (C:\Users\josue\AppData\Local\Programs\MiKTeX\tex/latex/koma-script\scrlfile.sty
Package: scrlfile 2023/07/07 v3.41 KOMA-Script package (file load hooks)
 (C:\Users\josue\AppData\Local\Programs\MiKTeX\tex/latex/koma-script\scrlfile-hook.sty
Package: scrlfile-hook 2023/07/07 v3.41 KOMA-Script package (using LaTeX hooks)
 (C:\Users\josue\AppData\Local\Programs\MiKTeX\tex/latex/koma-script\scrlogo.sty
Package: scrlogo 2023/07/07 v3.41 KOMA-Script package (logo)
))))) (C:\Users\josue\AppData\Local\Programs\MiKTeX\tex/latex/beamer\beamerbasetranslator.sty (C:\Users\josue\AppData\Local\Programs\MiKTeX\tex/latex/translator\translator.sty
Package: translator 2021-05-31 v1.12d Easy translation of strings in LaTeX
)) (C:\Users\josue\AppData\Local\Programs\MiKTeX\tex/latex/beamer\beamerbasemisc.sty) (C:\Users\josue\AppData\Local\Programs\MiKTeX\tex/latex/beamer\beamerbasetwoscreens.sty) (C:\Users\josue\AppData\Local\Programs\MiKTeX\tex/latex/beamer\beamerbaseoverlay.sty
\beamer@argscount=\count309
\beamer@lastskipcover=\skip51
\beamer@trivlistdepth=\count310
) (C:\Users\josue\AppData\Local\Programs\MiKTeX\tex/latex/beamer\beamerbasetitle.sty) (C:\Users\josue\AppData\Local\Programs\MiKTeX\tex/latex/beamer\beamerbasesection.sty
\c@lecture=\count311
\c@part=\count312
\c@section=\count313
\c@subsection=\count314
\c@subsubsection=\count315
) (C:\Users\josue\AppData\Local\Programs\MiKTeX\tex/latex/beamer\beamerbaseframe.sty
\beamer@framebox=\box66
\beamer@frametitlebox=\box67
\beamer@zoombox=\box68
\beamer@zoomcount=\count316
\beamer@zoomframecount=\count317
\beamer@frametextheight=\dimen271
\c@subsectionslide=\count318
\beamer@frametopskip=\skip52
\beamer@framebottomskip=\skip53
\beamer@frametopskipautobreak=\skip54
\beamer@framebottomskipautobreak=\skip55
\beamer@envbody=\toks30
\framewidth=\dimen272
\c@framenumber=\count319
) (C:\Users\josue\AppData\Local\Programs\MiKTeX\tex/latex/beamer\beamerbaseverbatim.sty
\beamer@verbatimfileout=\write4
) (C:\Users\josue\AppData\Local\Programs\MiKTeX\tex/latex/beamer\beamerbaseframesize.sty
\beamer@splitbox=\box69
\beamer@autobreakcount=\count320
\beamer@autobreaklastheight=\dimen273
\beamer@frametitletoks=\toks31
\beamer@framesubtitletoks=\toks32
) (C:\Users\josue\AppData\Local\Programs\MiKTeX\tex/latex/beamer\beamerbaseframecomponents.sty
\beamer@footins=\box70
) (C:\Users\josue\AppData\Local\Programs\MiKTeX\tex/latex/beamer\beamerbasecolor.sty) (C:\Users\josue\AppData\Local\Programs\MiKTeX\tex/latex/beamer\beamerbasenotes.sty
\beamer@frameboxcopy=\box71
) (C:\Users\josue\AppData\Local\Programs\MiKTeX\tex/latex/beamer\beamerbasetoc.sty) (C:\Users\josue\AppData\Local\Programs\MiKTeX\tex/latex/beamer\beamerbasetemplates.sty
\beamer@sbttoks=\toks33
 (C:\Users\josue\AppData\Local\Programs\MiKTeX\tex/latex/beamer\beamerbaseauxtemplates.sty (C:\Users\josue\AppData\Local\Programs\MiKTeX\tex/latex/beamer\beamerbaseboxes.sty
\bmb@box=\box72
\bmb@colorbox=\box73
\bmb@boxwidth=\dimen274
\bmb@boxheight=\dimen275
\bmb@prevheight=\dimen276
\bmb@temp=\dimen277
\bmb@dima=\dimen278
\bmb@dimb=\dimen279
\bmb@prevheight=\dimen280
)
\beamer@blockheadheight=\dimen281
)) (C:\Users\josue\AppData\Local\Programs\MiKTeX\tex/latex/beamer\beamerbaselocalstructure.sty (C:\Users\josue\AppData\Local\Programs\MiKTeX\tex/latex/tools\enumerate.sty
Package: enumerate 2023/07/04 v3.00 enumerate extensions (DPC)
\@enLab=\toks34
)
\beamer@bibiconwidth=\skip56
\c@figure=\count321
\c@table=\count322
\abovecaptionskip=\skip57
\belowcaptionskip=\skip58
) (C:\Users\josue\AppData\Local\Programs\MiKTeX\tex/latex/beamer\beamerbasenavigation.sty (C:\Users\josue\AppData\Local\Programs\MiKTeX\tex/latex/beamer\beamerbasenavigationsymbols.tex)
\beamer@section@min@dim=\dimen282
) (C:\Users\josue\AppData\Local\Programs\MiKTeX\tex/latex/beamer\beamerbasetheorems.sty (C:\Users\josue\AppData\Local\Programs\MiKTeX\tex/latex/amsmath\amsmath.sty
Package: amsmath 2023/05/13 v2.17o AMS math features
\@mathmargin=\skip59

For additional information on amsmath, use the `?' option.
(C:\Users\josue\AppData\Local\Programs\MiKTeX\tex/latex/amsmath\amstext.sty
Package: amstext 2021/08/26 v2.01 AMS text
 (C:\Users\josue\AppData\Local\Programs\MiKTeX\tex/latex/amsmath\amsgen.sty
File: amsgen.sty 1999/11/30 v2.0 generic functions
\@emptytoks=\toks35
\ex@=\dimen283
)) (C:\Users\josue\AppData\Local\Programs\MiKTeX\tex/latex/amsmath\amsbsy.sty
Package: amsbsy 1999/11/29 v1.2d Bold Symbols
\pmbraise@=\dimen284
) (C:\Users\josue\AppData\Local\Programs\MiKTeX\tex/latex/amsmath\amsopn.sty
Package: amsopn 2022/04/08 v2.04 operator names
)
\inf@bad=\count323
LaTeX Info: Redefining \frac on input line 234.
\uproot@=\count324
\leftroot@=\count325
LaTeX Info: Redefining \overline on input line 399.
LaTeX Info: Redefining \colon on input line 410.
\classnum@=\count326
\DOTSCASE@=\count327
LaTeX Info: Redefining \ldots on input line 496.
LaTeX Info: Redefining \dots on input line 499.
LaTeX Info: Redefining \cdots on input line 620.
\Mathstrutbox@=\box74
\strutbox@=\box75
LaTeX Info: Redefining \big on input line 722.
LaTeX Info: Redefining \Big on input line 723.
LaTeX Info: Redefining \bigg on input line 724.
LaTeX Info: Redefining \Bigg on input line 725.
\big@size=\dimen285
LaTeX Font Info:    Redeclaring font encoding OML on input line 743.
LaTeX Font Info:    Redeclaring font encoding OMS on input line 744.
\macc@depth=\count328
LaTeX Info: Redefining \bmod on input line 905.
LaTeX Info: Redefining \pmod on input line 910.
LaTeX Info: Redefining \smash on input line 940.
LaTeX Info: Redefining \relbar on input line 970.
LaTeX Info: Redefining \Relbar on input line 971.
\c@MaxMatrixCols=\count329
\dotsspace@=\muskip17
\c@parentequation=\count330
\dspbrk@lvl=\count331
\tag@help=\toks36
\row@=\count332
\column@=\count333
\maxfields@=\count334
\andhelp@=\toks37
\eqnshift@=\dimen286
\alignsep@=\dimen287
\tagshift@=\dimen288
\tagwidth@=\dimen289
\totwidth@=\dimen290
\lineht@=\dimen291
\@envbody=\toks38
\multlinegap=\skip60
\multlinetaggap=\skip61
\mathdisplay@stack=\toks39
LaTeX Info: Redefining \[ on input line 2953.
LaTeX Info: Redefining \] on input line 2954.
) (C:\Users\josue\AppData\Local\Programs\MiKTeX\tex/latex/amscls\amsthm.sty
Package: amsthm 2020/05/29 v2.20.6
\thm@style=\toks40
\thm@bodyfont=\toks41
\thm@headfont=\toks42
\thm@notefont=\toks43
\thm@headpunct=\toks44
\thm@preskip=\skip62
\thm@postskip=\skip63
\thm@headsep=\skip64
\dth@everypar=\toks45
)
\c@theorem=\count335
) (C:\Users\josue\AppData\Local\Programs\MiKTeX\tex/latex/beamer\beamerbasethemes.sty)) (C:\Users\josue\AppData\Local\Programs\MiKTeX\tex/latex/beamer\beamerthemedefault.sty (C:\Users\josue\AppData\Local\Programs\MiKTeX\tex/latex/beamer\beamerfontthemedefault.sty) (C:\Users\josue\AppData\Local\Programs\MiKTeX\tex/latex/beamer\beamercolorthemedefault.sty) (C:\Users\josue\AppData\Local\Programs\MiKTeX\tex/latex/beamer\beamerinnerthemedefault.sty
\beamer@dima=\dimen292
\beamer@dimb=\dimen293
) (C:\Users\josue\AppData\Local\Programs\MiKTeX\tex/latex/beamer\beamerouterthemedefault.sty))) (C:\Users\josue\AppData\Local\Programs\MiKTeX\tex/latex/beamer\beamerthemeSzeged.sty (C:\Users\josue\AppData\Local\Programs\MiKTeX\tex/latex/beamer\beamerouterthememiniframes.sty)) (C:\Users\josue\AppData\Local\Programs\MiKTeX\tex/latex/beamer\beamercolorthemedolphin.sty) (C:\Users\josue\AppData\Local\Programs\MiKTeX\tex/latex/base\inputenc.sty
Package: inputenc 2021/02/14 v1.3d Input encoding file
\inpenc@prehook=\toks46
\inpenc@posthook=\toks47
) (C:\Users\josue\AppData\Local\Programs\MiKTeX\tex/latex/caption\subcaption.sty
Package: subcaption 2023/07/28 v1.6b Sub-captions (AR)
 (C:\Users\josue\AppData\Local\Programs\MiKTeX\tex/latex/caption\caption.sty
Package: caption 2023/08/05 v3.6o Customizing captions (AR)
 (C:\Users\josue\AppData\Local\Programs\MiKTeX\tex/latex/caption\caption3.sty
Package: caption3 2023/07/31 v2.4d caption3 kernel (AR)
\caption@tempdima=\dimen294
\captionmargin=\dimen295
\caption@leftmargin=\dimen296
\caption@rightmargin=\dimen297
\caption@width=\dimen298
\caption@indent=\dimen299
\caption@parindent=\dimen300
\caption@hangindent=\dimen301
Package caption Info: beamer document class detected.
 (C:\Users\josue\AppData\Local\Programs\MiKTeX\tex/latex/caption\caption-beamer.sto
File: caption-beamer.sto 2022/01/06 v2.0c Adaption of the caption package to the beamer document classes (AR)
))
\c@caption@flags=\count336
\c@continuedfloat=\count337
Package caption Info: hyperref package is loaded.
Package caption Info: Hyperref support is turned off
(caption)             because hyperref has stopped early.
)
Package caption Info: New subtype `subfigure' on input line 238.
\c@subfigure=\count338
Package caption Info: New subtype `subtable' on input line 238.
\c@subtable=\count339
) (C:\Users\josue\AppData\Local\Programs\MiKTeX\tex/latex/pgf/frontendlayer\tikz.sty (C:\Users\josue\AppData\Local\Programs\MiKTeX\tex/latex/pgf/basiclayer\pgf.sty
Package: pgf 2023-01-15 v3.1.10 (3.1.10)
 (C:\Users\josue\AppData\Local\Programs\MiKTeX\tex/generic/pgf/modules\pgfmoduleshapes.code.tex
File: pgfmoduleshapes.code.tex 2023-01-15 v3.1.10 (3.1.10)
\pgfnodeparttextbox=\box76
) (C:\Users\josue\AppData\Local\Programs\MiKTeX\tex/generic/pgf/modules\pgfmoduleplot.code.tex
File: pgfmoduleplot.code.tex 2023-01-15 v3.1.10 (3.1.10)
) (C:\Users\josue\AppData\Local\Programs\MiKTeX\tex/latex/pgf/compatibility\pgfcomp-version-0-65.sty
Package: pgfcomp-version-0-65 2023-01-15 v3.1.10 (3.1.10)
\pgf@nodesepstart=\dimen302
\pgf@nodesepend=\dimen303
) (C:\Users\josue\AppData\Local\Programs\MiKTeX\tex/latex/pgf/compatibility\pgfcomp-version-1-18.sty
Package: pgfcomp-version-1-18 2023-01-15 v3.1.10 (3.1.10)
)) (C:\Users\josue\AppData\Local\Programs\MiKTeX\tex/latex/pgf/utilities\pgffor.sty (C:\Users\josue\AppData\Local\Programs\MiKTeX\tex/generic/pgf/utilities\pgffor.code.tex
Package: pgffor 2023-01-15 v3.1.10 (3.1.10)
\pgffor@iter=\dimen304
\pgffor@skip=\dimen305
\pgffor@stack=\toks48
\pgffor@toks=\toks49
)) (C:\Users\josue\AppData\Local\Programs\MiKTeX\tex/generic/pgf/frontendlayer/tikz\tikz.code.tex
Package: tikz 2023-01-15 v3.1.10 (3.1.10)
 (C:\Users\josue\AppData\Local\Programs\MiKTeX\tex/generic/pgf/libraries\pgflibraryplothandlers.code.tex
File: pgflibraryplothandlers.code.tex 2023-01-15 v3.1.10 (3.1.10)
\pgf@plot@mark@count=\count340
\pgfplotmarksize=\dimen306
)
\tikz@lastx=\dimen307
\tikz@lasty=\dimen308
\tikz@lastxsaved=\dimen309
\tikz@lastysaved=\dimen310
\tikz@lastmovetox=\dimen311
\tikz@lastmovetoy=\dimen312
\tikzleveldistance=\dimen313
\tikzsiblingdistance=\dimen314
\tikz@figbox=\box77
\tikz@figbox@bg=\box78
\tikz@tempbox=\box79
\tikz@tempbox@bg=\box80
\tikztreelevel=\count341
\tikznumberofchildren=\count342
\tikznumberofcurrentchild=\count343
\tikz@fig@count=\count344
 (C:\Users\josue\AppData\Local\Programs\MiKTeX\tex/generic/pgf/modules\pgfmodulematrix.code.tex
File: pgfmodulematrix.code.tex 2023-01-15 v3.1.10 (3.1.10)
\pgfmatrixcurrentrow=\count345
\pgfmatrixcurrentcolumn=\count346
\pgf@matrix@numberofcolumns=\count347
)
\tikz@expandcount=\count348
 (C:\Users\josue\AppData\Local\Programs\MiKTeX\tex/generic/pgf/frontendlayer/tikz/libraries\tikzlibrarytopaths.code.tex
File: tikzlibrarytopaths.code.tex 2023-01-15 v3.1.10 (3.1.10)
))) (C:\Users\josue\AppData\Local\Programs\MiKTeX\tex/latex/tools\array.sty
Package: array 2023/10/16 v2.5g Tabular extension package (FMi)
\col@sep=\dimen315
\ar@mcellbox=\box81
\extrarowheight=\dimen316
\NC@list=\toks50
\extratabsurround=\skip65
\backup@length=\skip66
\ar@cellbox=\box82
) (C:\Users\josue\AppData\Local\Programs\MiKTeX\tex/latex/orcidlink\orcidlink.sty
Package: orcidlink 2021/06/11 v1.0.4 Linked ORCiD logo macro package
 (C:\Users\josue\AppData\Local\Programs\MiKTeX\tex/generic/pgf/frontendlayer/tikz/libraries\tikzlibrarysvg.path.code.tex
File: tikzlibrarysvg.path.code.tex 2023-01-15 v3.1.10 (3.1.10)
 (C:\Users\josue\AppData\Local\Programs\MiKTeX\tex/generic/pgf/libraries\pgflibrarysvg.path.code.tex
File: pgflibrarysvg.path.code.tex 2023-01-15 v3.1.10 (3.1.10)
 (C:\Users\josue\AppData\Local\Programs\MiKTeX\tex/generic/pgf/modules\pgfmoduleparser.code.tex
File: pgfmoduleparser.code.tex 2023-01-15 v3.1.10 (3.1.10)
\pgfparserdef@arg@count=\count349
)
\pgf@lib@svg@last@x=\dimen317
\pgf@lib@svg@last@y=\dimen318
\pgf@lib@svg@last@c@x=\dimen319
\pgf@lib@svg@last@c@y=\dimen320
\pgf@lib@svg@count=\count350
\pgf@lib@svg@max@num=\count351
))
\@curXheight=\skip67
) (C:\Users\josue\AppData\Local\Programs\MiKTeX\tex/latex/todonotes\todonotes.sty
Package: todonotes 2023/01/31 v1.1.6 Todonotes source and documentation.
Package: todonotes 2023/01/31
 (C:\Users\josue\AppData\Local\Programs\MiKTeX\tex/latex/base\ifthen.sty
Package: ifthen 2022/04/13 v1.1d Standard LaTeX ifthen package (DPC)
) (C:\Users\josue\AppData\Local\Programs\MiKTeX\tex/latex/xkeyval\xkeyval.sty
Package: xkeyval 2022/06/16 v2.9 package option processing (HA)
 (C:\Users\josue\AppData\Local\Programs\MiKTeX\tex/generic/xkeyval\xkeyval.tex (C:\Users\josue\AppData\Local\Programs\MiKTeX\tex/generic/xkeyval\xkvutils.tex
\XKV@toks=\toks51
\XKV@tempa@toks=\toks52
)
\XKV@depth=\count352
File: xkeyval.tex 2014/12/03 v2.7a key=value parser (HA)
)) (C:\Users\josue\AppData\Local\Programs\MiKTeX\tex/generic/pgf/frontendlayer/tikz/libraries\tikzlibrarypositioning.code.tex
File: tikzlibrarypositioning.code.tex 2023-01-15 v3.1.10 (3.1.10)
) (C:\Users\josue\AppData\Local\Programs\MiKTeX\tex/latex/tools\calc.sty
Package: calc 2023/07/08 v4.3 Infix arithmetic (KKT,FJ)
\calc@Acount=\count353
\calc@Bcount=\count354
\calc@Adimen=\dimen321
\calc@Bdimen=\dimen322
\calc@Askip=\skip68
\calc@Bskip=\skip69
LaTeX Info: Redefining \setlength on input line 80.
LaTeX Info: Redefining \addtolength on input line 81.
\calc@Ccount=\count355
\calc@Cskip=\skip70
)
\c@@todonotes@numberoftodonotes=\count356
) (C:\Users\josue\AppData\Local\Programs\MiKTeX\tex/latex/tools\tabularx.sty
Package: tabularx 2023/07/08 v2.11c `tabularx' package (DPC)
\TX@col@width=\dimen323
\TX@old@table=\dimen324
\TX@old@col=\dimen325
\TX@target=\dimen326
\TX@delta=\dimen327
\TX@cols=\count357
\TX@ftn=\toks53
) (C:\Users\josue\AppData\Local\Programs\MiKTeX\tex/generic/babel\babel.sty
Package: babel 2023/12/10 v3.99 The Babel package
\babel@savecnt=\count358
\U@D=\dimen328
\l@unhyphenated=\language79
 (C:\Users\josue\AppData\Local\Programs\MiKTeX\tex/generic/babel\txtbabel.def)
\bbl@readstream=\read3
LaTeX Info: Redefining \textlatin on input line 3986.
\bbl@dirlevel=\count359

*************************************
* Local config file bblopts.cfg used
*
(C:\Users\josue\AppData\Local\Programs\MiKTeX\tex/latex/arabi\bblopts.cfg
File: bblopts.cfg 2005/09/08 v0.1 add Arabic and Farsi to "declared" options of babel
) (C:\Users\josue\AppData\Local\Programs\MiKTeX\tex/latex/babel-spanish\spanish.ldf
Language: spanish.ldf 2021/05/27 v5.0q Spanish support from the babel system
\es@quottoks=\toks54
\es@quotdepth=\count360
Package babel Info: Making " an active character on input line 570.
Package babel Info: Making . an active character on input line 675.
Package babel Info: Making < an active character on input line 722.
Package babel Info: Making > an active character on input line 722.
)) (C:\Users\josue\AppData\Local\Programs\MiKTeX\tex/generic/babel/locale/es\babel-spanish.tex
Package babel Info: Importing font and identification data for spanish
(babel)             from babel-es.ini. Reported on input line 11.
)
Package hyperref Info: Option `colorlinks' set `true' on input line 25.
 (C:\Users\josue\AppData\Local\Programs\MiKTeX\tex/latex/biblatex\biblatex.sty
Package: biblatex 2023/03/05 v3.19 programmable bibliographies (PK/MW)
 (C:\Users\josue\AppData\Local\Programs\MiKTeX\tex/latex/logreq\logreq.sty
Package: logreq 2010/08/04 v1.0 xml request logger
\lrq@indent=\count361
 (C:\Users\josue\AppData\Local\Programs\MiKTeX\tex/latex/logreq\logreq.def
File: logreq.def 2010/08/04 v1.0 logreq spec v1.0
))
\c@tabx@nest=\count362
\c@listtotal=\count363
\c@listcount=\count364
\c@liststart=\count365
\c@liststop=\count366
\c@citecount=\count367
\c@citetotal=\count368
\c@multicitecount=\count369
\c@multicitetotal=\count370
\c@instcount=\count371
\c@maxnames=\count372
\c@minnames=\count373
\c@maxitems=\count374
\c@minitems=\count375
\c@citecounter=\count376
\c@maxcitecounter=\count377
\c@savedcitecounter=\count378
\c@uniquelist=\count379
\c@uniquename=\count380
\c@refsection=\count381
\c@refsegment=\count382
\c@maxextratitle=\count383
\c@maxextratitleyear=\count384
\c@maxextraname=\count385
\c@maxextradate=\count386
\c@maxextraalpha=\count387
\c@abbrvpenalty=\count388
\c@highnamepenalty=\count389
\c@lownamepenalty=\count390
\c@maxparens=\count391
\c@parenlevel=\count392
\blx@tempcnta=\count393
\blx@tempcntb=\count394
\blx@tempcntc=\count395
\c@blx@maxsection=\count396
\blx@maxsegment@0=\count397
\blx@notetype=\count398
\blx@parenlevel@text=\count399
\blx@parenlevel@foot=\count400
\blx@sectionciteorder@0=\count401
\blx@sectionciteorderinternal@0=\count402
\blx@entrysetcounter=\count403
\blx@biblioinstance=\count404
\labelnumberwidth=\skip71
\labelalphawidth=\skip72
\biblabelsep=\skip73
\bibitemsep=\skip74
\bibnamesep=\skip75
\bibinitsep=\skip76
\bibparsep=\skip77
\bibhang=\skip78
\blx@bcfin=\read4
\blx@bcfout=\write5
\blx@langwohyphens=\language80
\c@mincomprange=\count405
\c@maxcomprange=\count406
\c@mincompwidth=\count407
Package biblatex Info: Trying to load biblatex default data model...
Package biblatex Info: ... file 'blx-dm.def' found.
 (C:\Users\josue\AppData\Local\Programs\MiKTeX\tex/latex/biblatex\blx-dm.def
File: blx-dm.def 2023/03/05 v3.19 biblatex localization (PK/MW)
)
Package biblatex Info: Trying to load biblatex style data model...
Package biblatex Info: ... file 'ieee.dbx' not found.
Package biblatex Info: Trying to load biblatex custom data model...
Package biblatex Info: ... file 'biblatex-dm.cfg' not found.
\c@afterword=\count408
\c@savedafterword=\count409
\c@annotator=\count410
\c@savedannotator=\count411
\c@author=\count412
\c@savedauthor=\count413
\c@bookauthor=\count414
\c@savedbookauthor=\count415
\c@commentator=\count416
\c@savedcommentator=\count417
\c@editor=\count418
\c@savededitor=\count419
\c@editora=\count420
\c@savededitora=\count421
\c@editorb=\count422
\c@savededitorb=\count423
\c@editorc=\count424
\c@savededitorc=\count425
\c@foreword=\count426
\c@savedforeword=\count427
\c@holder=\count428
\c@savedholder=\count429
\c@introduction=\count430
\c@savedintroduction=\count431
\c@namea=\count432
\c@savednamea=\count433
\c@nameb=\count434
\c@savednameb=\count435
\c@namec=\count436
\c@savednamec=\count437
\c@translator=\count438
\c@savedtranslator=\count439
\c@shortauthor=\count440
\c@savedshortauthor=\count441
\c@shorteditor=\count442
\c@savedshorteditor=\count443
\c@labelname=\count444
\c@savedlabelname=\count445
\c@institution=\count446
\c@savedinstitution=\count447
\c@lista=\count448
\c@savedlista=\count449
\c@listb=\count450
\c@savedlistb=\count451
\c@listc=\count452
\c@savedlistc=\count453
\c@listd=\count454
\c@savedlistd=\count455
\c@liste=\count456
\c@savedliste=\count457
\c@listf=\count458
\c@savedlistf=\count459
\c@location=\count460
\c@savedlocation=\count461
\c@organization=\count462
\c@savedorganization=\count463
\c@origlocation=\count464
\c@savedoriglocation=\count465
\c@origpublisher=\count466
\c@savedorigpublisher=\count467
\c@publisher=\count468
\c@savedpublisher=\count469
\c@language=\count470
\c@savedlanguage=\count471
\c@origlanguage=\count472
\c@savedoriglanguage=\count473
\c@pageref=\count474
\c@savedpageref=\count475
\shorthandwidth=\skip79
\shortjournalwidth=\skip80
\shortserieswidth=\skip81
\shorttitlewidth=\skip82
\shortauthorwidth=\skip83
\shorteditorwidth=\skip84
\locallabelnumberwidth=\skip85
\locallabelalphawidth=\skip86
\localshorthandwidth=\skip87
\localshortjournalwidth=\skip88
\localshortserieswidth=\skip89
\localshorttitlewidth=\skip90
\localshortauthorwidth=\skip91
\localshorteditorwidth=\skip92
Package biblatex Info: Trying to load compatibility code...
Package biblatex Info: ... file 'blx-compat.def' found.
 (C:\Users\josue\AppData\Local\Programs\MiKTeX\tex/latex/biblatex\blx-compat.def
File: blx-compat.def 2023/03/05 v3.19 biblatex compatibility (PK/MW)
)
Package biblatex Info: Trying to load generic definitions...
Package biblatex Info: ... file 'biblatex.def' found.
 (C:\Users\josue\AppData\Local\Programs\MiKTeX\tex/latex/biblatex\biblatex.def
File: biblatex.def 2023/03/05 v3.19 biblatex compatibility (PK/MW)
\c@textcitecount=\count476
\c@textcitetotal=\count477
\c@textcitemaxnames=\count478
\c@biburlbigbreakpenalty=\count479
\c@biburlbreakpenalty=\count480
\c@biburlnumpenalty=\count481
\c@biburlucpenalty=\count482
\c@biburllcpenalty=\count483
\biburlbigskip=\muskip18
\biburlnumskip=\muskip19
\biburlucskip=\muskip20
\biburllcskip=\muskip21
\c@smartand=\count484
)
Package biblatex Info: Trying to load bibliography style 'ieee'...
Package biblatex Info: ... file 'ieee.bbx' found.
 (C:\Users\josue\AppData\Local\Programs\MiKTeX\tex/latex/biblatex-ieee\ieee.bbx
File: ieee.bbx 2021/12/06 v1.3f biblatex bibliography style
Package biblatex Info: Trying to load bibliography style 'numeric-comp'...
Package biblatex Info: ... file 'numeric-comp.bbx' found.
 (C:\Users\josue\AppData\Local\Programs\MiKTeX\tex/latex/biblatex/bbx\numeric-comp.bbx
File: numeric-comp.bbx 2023/03/05 v3.19 biblatex bibliography style (PK/MW)
Package biblatex Info: Trying to load bibliography style 'numeric'...
Package biblatex Info: ... file 'numeric.bbx' found.
 (C:\Users\josue\AppData\Local\Programs\MiKTeX\tex/latex/biblatex/bbx\numeric.bbx
File: numeric.bbx 2023/03/05 v3.19 biblatex bibliography style (PK/MW)
Package biblatex Info: Trying to load bibliography style 'standard'...
Package biblatex Info: ... file 'standard.bbx' found.
 (C:\Users\josue\AppData\Local\Programs\MiKTeX\tex/latex/biblatex/bbx\standard.bbx
File: standard.bbx 2023/03/05 v3.19 biblatex bibliography style (PK/MW)
\c@bbx:relatedcount=\count485
\c@bbx:relatedtotal=\count486
))))
Package biblatex Info: Trying to load citation style 'ieee'...
Package biblatex Info: ... file 'ieee.cbx' found.
 (C:\Users\josue\AppData\Local\Programs\MiKTeX\tex/latex/biblatex-ieee\ieee.cbx
File: ieee.cbx 2021/12/06 v1.3f biblatex citation style
Package biblatex Info: Trying to load citation style 'numeric-comp'...
Package biblatex Info: ... file 'numeric-comp.cbx' found.
 (C:\Users\josue\AppData\Local\Programs\MiKTeX\tex/latex/biblatex/cbx\numeric-comp.cbx
File: numeric-comp.cbx 2023/03/05 v3.19 biblatex citation style (PK/MW)
\c@cbx@tempcnta=\count487
\c@cbx@tempcntb=\count488
\c@cbx@tempcntc=\count489
\c@cbx@tempcntd=\count490
Package biblatex Info: Redefining '\cite'.
Package biblatex Info: Redefining '\parencite'.
Package biblatex Info: Redefining '\footcite'.
Package biblatex Info: Redefining '\footcitetext'.
Package biblatex Info: Redefining '\smartcite'.
Package biblatex Info: Redefining '\supercite'.
Package biblatex Info: Redefining '\textcite'.
Package biblatex Info: Redefining '\textcites'.
Package biblatex Info: Redefining '\cites'.
Package biblatex Info: Redefining '\parencites'.
Package biblatex Info: Redefining '\smartcites'.
)
Package biblatex Info: Redefining '\cite'.
Package biblatex Info: Redefining '\supercite'.
Package biblatex Info: Redefining '\cites'.
)
Package biblatex Info: Trying to load configuration file...
Package biblatex Info: ... file 'biblatex.cfg' found.
 (C:\Users\josue\AppData\Local\Programs\MiKTeX\tex/latex/biblatex\biblatex.cfg
File: biblatex.cfg 
)
Package biblatex Info: Input encoding 'utf8' detected.
Package biblatex Info: Document encoding is UTF8 ....
 (C:\Users\josue\AppData\Local\Programs\MiKTeX\tex/latex/l3kernel\expl3.sty
Package: expl3 2023-12-11 L3 programming layer (loader) 
 (C:\Users\josue\AppData\Local\Programs\MiKTeX\tex/latex/l3backend\l3backend-pdftex.def
File: l3backend-pdftex.def 2023-11-09 L3 backend support: PDF output (pdfTeX)
\l__color_backend_stack_int=\count491
\l__pdf_internal_box=\box83
))
Package biblatex Info: ... and expl3
(biblatex)             2023-12-11 L3 programming layer (loader) 
(biblatex)             is new enough (at least 2020/04/06),
(biblatex)             setting 'casechanger=expl3'.
 (C:\Users\josue\AppData\Local\Programs\MiKTeX\tex/latex/biblatex\blx-case-expl3.sty (C:\Users\josue\AppData\Local\Programs\MiKTeX\tex/latex/l3packages/xparse\xparse.sty
Package: xparse 2023-10-10 L3 Experimental document command parser
)
Package: blx-case-expl3 2023/03/05 v3.19 expl3 case changing code for biblatex
))

Package biblatex Warning: 'babel/polyglossia' detected but 'csquotes' missing.
(biblatex)                Loading 'csquotes' recommended.

\@quotelevel=\count492
\@quotereset=\count493
(main.aux
LaTeX Info: Redefining \. on input line 12.
LaTeX Info: Redefining \% on input line 12.
 (TablaContenidos.aux)

LaTeX Warning: Label `fig:level0DF' multiply defined.


LaTeX Warning: Label `fig:level0DF' multiply defined.


LaTeX Warning: Label `fig:4S1P_A' multiply defined.


LaTeX Warning: Label `fig:4S1P_B' multiply defined.


LaTeX Warning: Label `fig:Esquematico4' multiply defined.

)
\openout1 = `main.aux'.

LaTeX Font Info:    Checking defaults for OML/cmm/m/it on input line 60.
LaTeX Font Info:    ... okay on input line 60.
LaTeX Font Info:    Checking defaults for OMS/cmsy/m/n on input line 60.
LaTeX Font Info:    ... okay on input line 60.
LaTeX Font Info:    Checking defaults for OT1/cmr/m/n on input line 60.
LaTeX Font Info:    ... okay on input line 60.
LaTeX Font Info:    Checking defaults for T1/cmr/m/n on input line 60.
LaTeX Font Info:    ... okay on input line 60.
LaTeX Font Info:    Checking defaults for TS1/cmr/m/n on input line 60.
LaTeX Font Info:    ... okay on input line 60.
LaTeX Font Info:    Checking defaults for OMX/cmex/m/n on input line 60.
LaTeX Font Info:    ... okay on input line 60.
LaTeX Font Info:    Checking defaults for U/cmr/m/n on input line 60.
LaTeX Font Info:    ... okay on input line 60.
LaTeX Font Info:    Checking defaults for PD1/pdf/m/n on input line 60.
LaTeX Font Info:    ... okay on input line 60.
LaTeX Font Info:    Checking defaults for PU/pdf/m/n on input line 60.
LaTeX Font Info:    ... okay on input line 60.

*geometry* driver: auto-detecting
*geometry* detected driver: pdftex
*geometry* verbose mode - [ preamble ] result:
* driver: pdftex
* paper: custom
* layout: <same size as paper>
* layoutoffset:(h,v)=(0.0pt,0.0pt)
* modes: includehead includefoot 
* h-part:(L,W,R)=(28.45274pt, 307.28987pt, 28.45274pt)
* v-part:(T,H,B)=(0.0pt, 273.14662pt, 0.0pt)
* \paperwidth=364.19536pt
* \paperheight=273.14662pt
* \textwidth=307.28987pt
* \textheight=244.6939pt
* \oddsidemargin=-43.81725pt
* \evensidemargin=-43.81725pt
* \topmargin=-72.26999pt
* \headheight=14.22636pt
* \headsep=0.0pt
* \topskip=12.0pt
* \footskip=14.22636pt
* \marginparwidth=4.0pt
* \marginparsep=10.0pt
* \columnsep=10.0pt
* \skip\footins=10.8pt plus 4.0pt minus 2.0pt
* \hoffset=0.0pt
* \voffset=0.0pt
* \mag=1000
* \@twocolumnfalse
* \@twosidefalse
* \@mparswitchfalse
* \@reversemarginfalse
* (1in=72.27pt=25.4mm, 1cm=28.453pt)

(C:\Users\josue\AppData\Local\Programs\MiKTeX\tex/context/base/mkii\supp-pdf.mkii
[Loading MPS to PDF converter (version 2006.09.02).]
\scratchcounter=\count494
\scratchdimen=\dimen329
\scratchbox=\box84
\nofMPsegments=\count495
\nofMParguments=\count496
\everyMPshowfont=\toks55
\MPscratchCnt=\count497
\MPscratchDim=\dimen330
\MPnumerator=\count498
\makeMPintoPDFobject=\count499
\everyMPtoPDFconversion=\toks56
) (C:\Users\josue\AppData\Local\Programs\MiKTeX\tex/latex/epstopdf-pkg\epstopdf-base.sty
Package: epstopdf-base 2020-01-24 v2.11 Base part for package epstopdf
Package epstopdf-base Info: Redefining graphics rule for `.eps' on input line 447.
 (C:\Users\josue\AppData\Local\Programs\MiKTeX\tex/latex/00miktex\epstopdf-sys.cfg
File: epstopdf-sys.cfg 2021/03/18 v2.0 Configuration of epstopdf for MiKTeX
))
Package hyperref Info: Link coloring ON on input line 60.
 (main.out) (main.out)
\@outlinefile=\write6
\openout6 = `main.out'.

LaTeX Font Info:    Overwriting symbol font `operators' in version `normal'
(Font)                  OT1/cmr/m/n --> OT1/cmss/m/n on input line 60.
LaTeX Font Info:    Overwriting symbol font `operators' in version `bold'
(Font)                  OT1/cmr/bx/n --> OT1/cmss/b/n on input line 60.
\symnumbers=\mathgroup6
\sympureletters=\mathgroup7
LaTeX Font Info:    Overwriting math alphabet `\mathrm' in version `normal'
(Font)                  OT1/cmss/m/n --> OT1/cmr/m/n on input line 60.
LaTeX Font Info:    Redeclaring math alphabet \mathbf on input line 60.
LaTeX Font Info:    Overwriting math alphabet `\mathbf' in version `normal'
(Font)                  OT1/cmr/bx/n --> OT1/cmss/b/n on input line 60.
LaTeX Font Info:    Overwriting math alphabet `\mathbf' in version `bold'
(Font)                  OT1/cmr/bx/n --> OT1/cmss/b/n on input line 60.
LaTeX Font Info:    Redeclaring math alphabet \mathsf on input line 60.
LaTeX Font Info:    Overwriting math alphabet `\mathsf' in version `normal'
(Font)                  OT1/cmss/m/n --> OT1/cmss/m/n on input line 60.
LaTeX Font Info:    Overwriting math alphabet `\mathsf' in version `bold'
(Font)                  OT1/cmss/bx/n --> OT1/cmss/m/n on input line 60.
LaTeX Font Info:    Redeclaring math alphabet \mathit on input line 60.
LaTeX Font Info:    Overwriting math alphabet `\mathit' in version `normal'
(Font)                  OT1/cmr/m/it --> OT1/cmss/m/it on input line 60.
LaTeX Font Info:    Overwriting math alphabet `\mathit' in version `bold'
(Font)                  OT1/cmr/bx/it --> OT1/cmss/m/it on input line 60.
LaTeX Font Info:    Redeclaring math alphabet \mathtt on input line 60.
LaTeX Font Info:    Overwriting math alphabet `\mathtt' in version `normal'
(Font)                  OT1/cmtt/m/n --> OT1/cmtt/m/n on input line 60.
LaTeX Font Info:    Overwriting math alphabet `\mathtt' in version `bold'
(Font)                  OT1/cmtt/m/n --> OT1/cmtt/m/n on input line 60.
LaTeX Font Info:    Overwriting symbol font `numbers' in version `bold'
(Font)                  OT1/cmss/m/n --> OT1/cmss/b/n on input line 60.
LaTeX Font Info:    Overwriting symbol font `pureletters' in version `bold'
(Font)                  OT1/cmss/m/it --> OT1/cmss/b/it on input line 60.
LaTeX Font Info:    Overwriting math alphabet `\mathrm' in version `bold'
(Font)                  OT1/cmss/b/n --> OT1/cmr/b/n on input line 60.
LaTeX Font Info:    Overwriting math alphabet `\mathbf' in version `bold'
(Font)                  OT1/cmss/b/n --> OT1/cmss/b/n on input line 60.
LaTeX Font Info:    Overwriting math alphabet `\mathsf' in version `bold'
(Font)                  OT1/cmss/m/n --> OT1/cmss/b/n on input line 60.
LaTeX Font Info:    Overwriting math alphabet `\mathit' in version `bold'
(Font)                  OT1/cmss/m/it --> OT1/cmss/b/it on input line 60.
LaTeX Font Info:    Overwriting math alphabet `\mathtt' in version `bold'
(Font)                  OT1/cmtt/m/n --> OT1/cmtt/b/n on input line 60.
LaTeX Font Info:    Redeclaring symbol font `pureletters' on input line 60.
LaTeX Font Info:    Overwriting symbol font `pureletters' in version `normal'
(Font)                  OT1/cmss/m/it --> OT1/mathkerncmss/m/sl on input line 60.
LaTeX Font Info:    Overwriting symbol font `pureletters' in version `bold'
(Font)                  OT1/cmss/b/it --> OT1/mathkerncmss/m/sl on input line 60.
LaTeX Font Info:    Overwriting symbol font `pureletters' in version `bold'
(Font)                  OT1/mathkerncmss/m/sl --> OT1/mathkerncmss/bx/sl on input line 60.
 (C:\Users\josue\AppData\Local\Programs\MiKTeX\tex/latex/translator\translator-basic-dictionary-English.dict
Dictionary: translator-basic-dictionary, Language: English 
) (C:\Users\josue\AppData\Local\Programs\MiKTeX\tex/latex/translator\translator-bibliography-dictionary-English.dict
Dictionary: translator-bibliography-dictionary, Language: English 
) (C:\Users\josue\AppData\Local\Programs\MiKTeX\tex/latex/translator\translator-environment-dictionary-English.dict
Dictionary: translator-environment-dictionary, Language: English 
) (C:\Users\josue\AppData\Local\Programs\MiKTeX\tex/latex/translator\translator-months-dictionary-English.dict
Dictionary: translator-months-dictionary, Language: English 
) (C:\Users\josue\AppData\Local\Programs\MiKTeX\tex/latex/translator\translator-numbers-dictionary-English.dict
Dictionary: translator-numbers-dictionary, Language: English 
) (C:\Users\josue\AppData\Local\Programs\MiKTeX\tex/latex/translator\translator-theorem-dictionary-English.dict
Dictionary: translator-theorem-dictionary, Language: English 
)
Package caption Info: Begin \AtBeginDocument code.
Package caption Info: End \AtBeginDocument code.


Package todonotes Warning: The length marginparwidth is less than 2cm and will most likely cause issues with the appearance of inserted todonotes. The issue can be solved by adding a line like \setlength {\marginparwidth }{2cm} prior to loading the todonotes package. on input line 60.

LaTeX Info: Redefining \. on input line 60.
LaTeX Info: Redefining \% on input line 60.
Package biblatex Info: Trying to load language 'spanish'...
Package biblatex Info: ... file 'spanish.lbx' found.
(C:\Users\josue\AppData\Local\Programs\MiKTeX\tex/latex/biblatex/lbx\spanish.lbx
File: spanish.lbx 2023/03/05 v3.19 biblatex localization (PK/MW)
)
Package biblatex Info: Input encoding 'utf8' detected.
Package biblatex Info: Automatic encoding selection.
(biblatex)             Assuming data encoding 'utf8'.
\openout5 = `main.bcf'.

Package biblatex Info: Trying to load bibliographic data...
Package biblatex Info: ... file 'main.bbl' found.
 (main.bbl)
Package biblatex Info: Reference section=0 on input line 60.
Package biblatex Info: Reference segment=0 on input line 60.
 (main.nav)
\mylogoheight=\skip93
<images/logo_UDB.png, id=149, 271.0125pt x 301.125pt>
File: images/logo_UDB.png Graphic file (type png)
<use images/logo_UDB.png>
Package pdftex.def Info: images/logo_UDB.png  used on input line 74.
(pdftex.def)             Requested size: 38.40877pt x 42.67912pt.
<./images/omm_logo.png, id=150, 903.375pt x 510.40688pt>
File: ./images/omm_logo.png Graphic file (type png)
<use ./images/omm_logo.png>
Package pdftex.def Info: ./images/omm_logo.png  used on input line 74.
(pdftex.def)             Requested size: 75.53836pt x 42.67912pt.
 [1{C:/Users/josue/AppData/Local/MiKTeX/fonts/map/pdftex/pdftex.map}

 <./images/logo_UDB.png> <./images/omm_logo.png>]
\openout2 = `TablaContenidos.aux'.

 (TablaContenidos.tex
<images/CampusUDB.jpg, id=293, 1541.76pt x 770.88pt>
File: images/CampusUDB.jpg Graphic file (type jpg)
<use images/CampusUDB.jpg>
Package pdftex.def Info: images/CampusUDB.jpg  used on input line 9.
(pdftex.def)             Requested size: 364.19568pt x 243.09903pt.
 (main.toc
LaTeX Info: Redefining \sptext on input line 1.
LaTeX Info: Redefining \. on input line 1.
LaTeX Info: Redefining \% on input line 1.
)
<images/omm_logo.png, id=302, 903.375pt x 510.40688pt>
File: images/omm_logo.png Graphic file (type png)
<use images/omm_logo.png>
Package pdftex.def Info: images/omm_logo.png  used on input line 9.
(pdftex.def)             Requested size: 0.0pt x 0.0pt.
 [2


 <./images/omm_logo.png> <./images/CampusUDB.jpg>]) (Introduccin.tex
<./images/01_componentes del globo.jpeg, id=406, 543.53062pt x 590.205pt>
File: ./images/01_componentes del globo.jpeg Graphic file (type jpg)
<use ./images/01_componentes del globo.jpeg>
Package pdftex.def Info: ./images/01_componentes del globo.jpeg  used on input line 23.
(pdftex.def)             Requested size: 88.80396pt x 96.425pt.
LaTeX Font Info:    Trying to load font information for U+msa on input line 23.
 (C:\Users\josue\AppData\Local\Programs\MiKTeX\tex/latex/amsfonts\umsa.fd
File: umsa.fd 2013/01/14 v3.01 AMS symbols A
)
LaTeX Font Info:    Trying to load font information for U+msb on input line 23.
 (C:\Users\josue\AppData\Local\Programs\MiKTeX\tex/latex/amsfonts\umsb.fd
File: umsb.fd 2013/01/14 v3.01 AMS symbols B
)
LaTeX Font Info:    Trying to load font information for OT1+mathkerncmss on input line 23.
 (C:\Users\josue\AppData\Local\Programs\MiKTeX\tex/latex/sansmathaccent\ot1mathkerncmss.fd
File: ot1mathkerncmss.fd 2020/01/31 Fontinst v1.933 font definitions for OT1/mathkerncmss.
)
<./images/WeatherBalloon_NOAA.jpg, id=407, 1225.57875pt x 1024.57782pt>
File: ./images/WeatherBalloon_NOAA.jpg Graphic file (type jpg)
<use ./images/WeatherBalloon_NOAA.jpg>
Package pdftex.def Info: ./images/WeatherBalloon_NOAA.jpg  used on input line 23.
(pdftex.def)             Requested size: 105.16052pt x 87.90874pt.

Overfull \vbox (14.62901pt too high) detected at line 23
 []

File: images/omm_logo.png Graphic file (type png)
<use images/omm_logo.png>
Package pdftex.def Info: images/omm_logo.png  used on input line 23.
(pdftex.def)             Requested size: 0.0pt x 0.0pt.
[3



 <./images/01_componentes del globo.jpeg> <./images/WeatherBalloon_NOAA.jpg>]
<./images/Subsistemas.png, id=515, 350.0277pt x 127.4361pt>
File: ./images/Subsistemas.png Graphic file (type png)
<use ./images/Subsistemas.png>
Package pdftex.def Info: ./images/Subsistemas.png  used on input line 39.
(pdftex.def)             Requested size: 230.46739pt x 83.90973pt.

Overfull \vbox (17.51373pt too high) detected at line 39
 []

File: images/omm_logo.png Graphic file (type png)
<use images/omm_logo.png>
Package pdftex.def Info: images/omm_logo.png  used on input line 39.
(pdftex.def)             Requested size: 0.0pt x 0.0pt.
[4

 <./images/Subsistemas.png>]
File: images/omm_logo.png Graphic file (type png)
<use images/omm_logo.png>
Package pdftex.def Info: images/omm_logo.png  used on input line 50.
(pdftex.def)             Requested size: 0.0pt x 0.0pt.
 [5

]
File: images/omm_logo.png Graphic file (type png)
<use images/omm_logo.png>
Package pdftex.def Info: images/omm_logo.png  used on input line 73.
(pdftex.def)             Requested size: 0.0pt x 0.0pt.
 [6

]
<./images/modeloV.png, id=808, 569.2467pt x 255.8358pt>
File: ./images/modeloV.png Graphic file (type png)
<use ./images/modeloV.png>
Package pdftex.def Info: ./images/modeloV.png  used on input line 88.
(pdftex.def)             Requested size: 276.559pt x 124.29881pt.

Overfull \vbox (13.50282pt too high) detected at line 88
 []

File: images/omm_logo.png Graphic file (type png)
<use images/omm_logo.png>
Package pdftex.def Info: images/omm_logo.png  used on input line 88.
(pdftex.def)             Requested size: 0.0pt x 0.0pt.
[7

 <./images/modeloV.png>]) (Requerimientos.tex
<./images/ruta.png, id=912, 717.882pt x 308.352pt>
File: ./images/ruta.png Graphic file (type png)
<use ./images/ruta.png>
Package pdftex.def Info: ./images/ruta.png  used on input line 13.
(pdftex.def)             Requested size: 230.46739pt x 98.98988pt.
File: images/omm_logo.png Graphic file (type png)
<use images/omm_logo.png>
Package pdftex.def Info: images/omm_logo.png  used on input line 13.
(pdftex.def)             Requested size: 0.0pt x 0.0pt.
 [8

 <./images/ruta.png>]
<./images/EnviromentalVariables.png, id=1012, 1011.78pt x 551.4201pt>
File: ./images/EnviromentalVariables.png Graphic file (type png)
<use ./images/EnviromentalVariables.png>
Package pdftex.def Info: ./images/EnviromentalVariables.png  used on input line 28.
(pdftex.def)             Requested size: 230.46739pt x 125.60393pt.

Overfull \vbox (1.20793pt too high) detected at line 28
 []

File: images/omm_logo.png Graphic file (type png)
<use images/omm_logo.png>
Package pdftex.def Info: images/omm_logo.png  used on input line 28.
(pdftex.def)             Requested size: 0.0pt x 0.0pt.
[9

 <./images/EnviromentalVariables.png>]
LaTeX Font Info:    Trying to load font information for TS1+cmss on input line 41.
 (C:\Users\josue\AppData\Local\Programs\MiKTeX\tex/latex/base\ts1cmss.fd
File: ts1cmss.fd 2023/04/13 v2.5m Standard LaTeX font definitions
)
File: images/omm_logo.png Graphic file (type png)
<use images/omm_logo.png>
Package pdftex.def Info: images/omm_logo.png  used on input line 41.
(pdftex.def)             Requested size: 0.0pt x 0.0pt.
 [10

]
File: images/omm_logo.png Graphic file (type png)
<use images/omm_logo.png>
Package pdftex.def Info: images/omm_logo.png  used on input line 73.
(pdftex.def)             Requested size: 0.0pt x 0.0pt.
 [11

]
File: images/omm_logo.png Graphic file (type png)
<use images/omm_logo.png>
Package pdftex.def Info: images/omm_logo.png  used on input line 105.
(pdftex.def)             Requested size: 0.0pt x 0.0pt.
 [12

]
<./images/PlanoB.png, id=1408, 392.667pt x 434.8245pt>
File: ./images/PlanoB.png Graphic file (type png)
<use ./images/PlanoB.png>
Package pdftex.def Info: ./images/PlanoB.png  used on input line 129.
(pdftex.def)             Requested size: 112.17099pt x 124.21156pt.
<./images/PCBEspacio.png, id=1409, 343.2825pt x 517.935pt>
File: ./images/PCBEspacio.png Graphic file (type png)
<use ./images/PCBEspacio.png>
Package pdftex.def Info: ./images/PCBEspacio.png  used on input line 129.
(pdftex.def)             Requested size: 105.16052pt x 158.66145pt.

Overfull \hbox (5.01653pt too wide) in paragraph at lines 129--129
 [][] 
 []


Overfull \vbox (2.3777pt too high) detected at line 129
 []

File: images/omm_logo.png Graphic file (type png)
<use images/omm_logo.png>
Package pdftex.def Info: images/omm_logo.png  used on input line 129.
(pdftex.def)             Requested size: 0.0pt x 0.0pt.
[13

 <./images/PlanoB.png> <./images/PCBEspacio.png>]
Underfull \hbox (badness 1082) in paragraph at lines 155--155
[]|\OT1/cmss/bx/n/12 Mecanismo de ve-ri-fi-ca-
 []

File: images/omm_logo.png Graphic file (type png)
<use images/omm_logo.png>
Package pdftex.def Info: images/omm_logo.png  used on input line 155.
(pdftex.def)             Requested size: 0.0pt x 0.0pt.
[14

]
Underfull \hbox (badness 1082) in paragraph at lines 184--184
[]|\OT1/cmss/bx/n/12 Mecanismo de ve-ri-fi-ca-
 []

File: images/omm_logo.png Graphic file (type png)
<use images/omm_logo.png>
Package pdftex.def Info: images/omm_logo.png  used on input line 184.
(pdftex.def)             Requested size: 0.0pt x 0.0pt.
[15

]
Underfull \hbox (badness 1082) in paragraph at lines 209--209
[]|\OT1/cmss/bx/n/12 Mecanismo de ve-ri-fi-ca-
 []


Underfull \hbox (badness 2261) in paragraph at lines 209--209
[]|\OT1/cmss/m/n/12 Interruptor RBF (Re-mo-ve
 []


Underfull \hbox (badness 1521) in paragraph at lines 209--209
[]|\OT1/cmss/m/n/12 Cargador de ba-ter^^S^^Pas con
 []

File: images/omm_logo.png Graphic file (type png)
<use images/omm_logo.png>
Package pdftex.def Info: images/omm_logo.png  used on input line 209.
(pdftex.def)             Requested size: 0.0pt x 0.0pt.
[16

]) (Arquitectura.tex
<./images/Level0.png, id=1804, 1882.03125pt x 746.79pt>
File: ./images/Level0.png Graphic file (type png)
<use ./images/Level0.png>
Package pdftex.def Info: ./images/Level0.png  used on input line 11.
(pdftex.def)             Requested size: 307.28987pt x 121.92738pt.
File: images/omm_logo.png Graphic file (type png)
<use images/omm_logo.png>
Package pdftex.def Info: images/omm_logo.png  used on input line 11.
(pdftex.def)             Requested size: 0.0pt x 0.0pt.
 [17

 <./images/Level0.png>]
<./images/Level1.png, id=1903, 2409.0pt x 2409.0pt>
File: ./images/Level1.png Graphic file (type png)
<use ./images/Level1.png>
Package pdftex.def Info: ./images/Level1.png  used on input line 22.
(pdftex.def)             Requested size: 184.3758pt x 184.34303pt.

pdfTeX warning (ext4): destination with the same identifier (name{fig:level0DF}) has been already used, duplicate ignored
<to be read again> 
                   \relax 
l.22 \end{frame}
                
Overfull \vbox (13.44704pt too high) detected at line 22
 []

File: images/omm_logo.png Graphic file (type png)
<use images/omm_logo.png>
Package pdftex.def Info: images/omm_logo.png  used on input line 22.
(pdftex.def)             Requested size: 0.0pt x 0.0pt.
[18

 <./images/Level1.png>]
<./images/Level2A.png, id=2001, 1546.77875pt x 1468.48625pt>
File: ./images/Level2A.png Graphic file (type png)
<use ./images/Level2A.png>
Package pdftex.def Info: ./images/Level2A.png  used on input line 34.
(pdftex.def)             Requested size: 184.3758pt x 175.02316pt.

pdfTeX warning (ext4): destination with the same identifier (name{fig:level0DF}) has been already used, duplicate ignored
<to be read again> 
                   \relax 
l.34 \end{frame}
                
Overfull \vbox (4.12717pt too high) detected at line 34
 []

File: images/omm_logo.png Graphic file (type png)
<use images/omm_logo.png>
Package pdftex.def Info: images/omm_logo.png  used on input line 34.
(pdftex.def)             Requested size: 0.0pt x 0.0pt.
[19

 <./images/Level2A.png>]) (DisImplementacion.tex
File: images/omm_logo.png Graphic file (type png)
<use images/omm_logo.png>
Package pdftex.def Info: images/omm_logo.png  used on input line 13.
(pdftex.def)             Requested size: 0.0pt x 0.0pt.
 [20

]
<./images/EtapaMosfet_Esquematico.png, id=2196, 392.667pt x 295.1025pt>
File: ./images/EtapaMosfet_Esquematico.png Graphic file (type png)
<use ./images/EtapaMosfet_Esquematico.png>
Package pdftex.def Info: ./images/EtapaMosfet_Esquematico.png  used on input line 37.
(pdftex.def)             Requested size: 140.21642pt x 105.37675pt.
<./images/3D_MOSFET.png, id=2197, 539.01375pt x 374.5995pt>
File: ./images/3D_MOSFET.png Graphic file (type png)
<use ./images/3D_MOSFET.png>
Package pdftex.def Info: ./images/3D_MOSFET.png  used on input line 37.
(pdftex.def)             Requested size: 140.21642pt x 97.445pt.
File: images/omm_logo.png Graphic file (type png)
<use images/omm_logo.png>
Package pdftex.def Info: images/omm_logo.png  used on input line 37.
(pdftex.def)             Requested size: 0.0pt x 0.0pt.
 [21

 <./images/EtapaMosfet_Esquematico.png> <./images/3D_MOSFET.png>]
<./images/COTSBatteries.png, id=2298, 469.9959pt x 197.538pt>
File: ./images/COTSBatteries.png Graphic file (type png)
<use ./images/COTSBatteries.png>
Package pdftex.def Info: ./images/COTSBatteries.png  used on input line 54.
(pdftex.def)             Requested size: 245.83282pt x 103.32318pt.
File: images/omm_logo.png Graphic file (type png)
<use images/omm_logo.png>
Package pdftex.def Info: images/omm_logo.png  used on input line 54.
(pdftex.def)             Requested size: 0.0pt x 0.0pt.
 [22

 <./images/COTSBatteries.png>]
File: images/omm_logo.png Graphic file (type png)
<use images/omm_logo.png>
Package pdftex.def Info: images/omm_logo.png  used on input line 67.
(pdftex.def)             Requested size: 0.0pt x 0.0pt.
 [23

]
<./images/Grafica_Eficiencia_LDO.png, id=2496, 501.875pt x 388.45125pt>
File: ./images/Grafica_Eficiencia_LDO.png Graphic file (type png)
<use ./images/Grafica_Eficiencia_LDO.png>
Package pdftex.def Info: ./images/Grafica_Eficiencia_LDO.png  used on input line 80.
(pdftex.def)             Requested size: 153.64493pt x 118.91904pt.

Overfull \vbox (6.85635pt too high) detected at line 80
 []

File: images/omm_logo.png Graphic file (type png)
<use images/omm_logo.png>
Package pdftex.def Info: images/omm_logo.png  used on input line 80.
(pdftex.def)             Requested size: 0.0pt x 0.0pt.
[24

 <./images/Grafica_Eficiencia_LDO.png>]
<./images/4S1P_A.png, id=2597, 706.43925pt x 479.391pt>
File: ./images/4S1P_A.png Graphic file (type png)
<use ./images/4S1P_A.png>
Package pdftex.def Info: ./images/4S1P_A.png  used on input line 96.
(pdftex.def)             Requested size: 215.10196pt x 145.96167pt.

Overfull \vbox (1.66568pt too high) detected at line 96
 []

File: images/omm_logo.png Graphic file (type png)
<use images/omm_logo.png>
Package pdftex.def Info: images/omm_logo.png  used on input line 96.
(pdftex.def)             Requested size: 0.0pt x 0.0pt.
[25

 <./images/4S1P_A.png>]
<./images/MC34063A_Esquemtico_33V.png, id=2651, 431.81325pt x 308.95425pt>
File: ./images/MC34063A_Esquemtico_33V.png Graphic file (type png)
<use ./images/MC34063A_Esquemtico_33V.png>
Package pdftex.def Info: ./images/MC34063A_Esquemtico_33V.png  used on input line 105.
(pdftex.def)             Requested size: 276.559pt x 197.8856pt.

Underfull \vbox (badness 10000) has occurred while \output is active []

File: images/omm_logo.png Graphic file (type png)
<use images/omm_logo.png>
Package pdftex.def Info: images/omm_logo.png  used on input line 109.
(pdftex.def)             Requested size: 0.0pt x 0.0pt.
 [26

 <./images/MC34063A_Esquemtico_33V.png>]
<./images/4S1P_B.png, id=2750, 699.8145pt x 490.83376pt>
File: ./images/4S1P_B.png Graphic file (type png)
<use ./images/4S1P_B.png>
Package pdftex.def Info: ./images/4S1P_B.png  used on input line 122.
(pdftex.def)             Requested size: 215.10196pt x 150.8612pt.

Overfull \vbox (6.56522pt too high) detected at line 122
 []

File: images/omm_logo.png Graphic file (type png)
<use images/omm_logo.png>
Package pdftex.def Info: images/omm_logo.png  used on input line 122.
(pdftex.def)             Requested size: 0.0pt x 0.0pt.
[27 <./images/4S1P_B.png>]
<./images/MC34063A_Esquemtico_50V.png, id=2804, 464.937pt x 329.43076pt>
File: ./images/MC34063A_Esquemtico_50V.png Graphic file (type png)
<use ./images/MC34063A_Esquemtico_50V.png>
Package pdftex.def Info: ./images/MC34063A_Esquemtico_50V.png  used on input line 134.
(pdftex.def)             Requested size: 276.559pt x 195.96597pt.

Underfull \vbox (badness 10000) has occurred while \output is active []

File: images/omm_logo.png Graphic file (type png)
<use images/omm_logo.png>
Package pdftex.def Info: images/omm_logo.png  used on input line 138.
(pdftex.def)             Requested size: 0.0pt x 0.0pt.
 [28

 <./images/MC34063A_Esquemtico_50V.png>]
<./images/Esquematico_LTC4361.png, id=2903, 533.5935pt x 346.896pt>
File: ./images/Esquematico_LTC4361.png Graphic file (type png)
<use ./images/Esquematico_LTC4361.png>
Package pdftex.def Info: ./images/Esquematico_LTC4361.png  used on input line 153.
(pdftex.def)             Requested size: 230.46739pt x 149.8293pt.

Overfull \vbox (5.53331pt too high) detected at line 153
 []

File: images/omm_logo.png Graphic file (type png)
<use images/omm_logo.png>
Package pdftex.def Info: images/omm_logo.png  used on input line 153.
(pdftex.def)             Requested size: 0.0pt x 0.0pt.
[29 <./images/Esquematico_LTC4361.png>]) (Integracion.tex
<./images/EPS_FINAL4.png, id=3011, 329.43076pt x 219.82124pt>
File: ./images/EPS_FINAL4.png Graphic file (type png)
<use ./images/EPS_FINAL4.png>
Package pdftex.def Info: ./images/EPS_FINAL4.png  used on input line 11.
(pdftex.def)             Requested size: 245.83282pt x 164.04037pt.
File: images/omm_logo.png Graphic file (type png)
<use images/omm_logo.png>
Package pdftex.def Info: images/omm_logo.png  used on input line 11.
(pdftex.def)             Requested size: 0.0pt x 0.0pt.
 [30

 <./images/EPS_FINAL4.png>]
<./images/EPS_FINAL.png, id=3110, 663.07726pt x 443.256pt>
File: ./images/EPS_FINAL.png Graphic file (type png)
<use ./images/EPS_FINAL.png>
Package pdftex.def Info: ./images/EPS_FINAL.png  used on input line 24.
(pdftex.def)             Requested size: 245.83282pt x 164.33356pt.
File: images/omm_logo.png Graphic file (type png)
<use images/omm_logo.png>
Package pdftex.def Info: images/omm_logo.png  used on input line 24.
(pdftex.def)             Requested size: 0.0pt x 0.0pt.
 [31

 <./images/EPS_FINAL.png>]
<./images/Flujograma.png, id=3210, 338.4645pt x 492.6405pt>
File: ./images/Flujograma.png Graphic file (type png)
<use ./images/Flujograma.png>
Package pdftex.def Info: ./images/Flujograma.png  used on input line 38.
(pdftex.def)             Requested size: 122.91406pt x 178.89896pt.

Overfull \vbox (8.00296pt too high) detected at line 38
 []

File: images/omm_logo.png Graphic file (type png)
<use images/omm_logo.png>
Package pdftex.def Info: images/omm_logo.png  used on input line 38.
(pdftex.def)             Requested size: 0.0pt x 0.0pt.
[32

 <./images/Flujograma.png>]) (Pruebas.tex
<./images/V1.png, id=3309, 454.69875pt x 272.81924pt>
File: ./images/V1.png Graphic file (type png)
<use ./images/V1.png>
Package pdftex.def Info: ./images/V1.png  used on input line 11.
(pdftex.def)             Requested size: 307.28987pt x 184.374pt.

Overfull \vbox (13.478pt too high) detected at line 11
 []

File: images/omm_logo.png Graphic file (type png)
<use images/omm_logo.png>
Package pdftex.def Info: images/omm_logo.png  used on input line 11.
(pdftex.def)             Requested size: 0.0pt x 0.0pt.
[33

 <./images/V1.png>]
<./images/V2.png, id=3408, 452.892pt x 257.16075pt>
File: ./images/V2.png Graphic file (type png)
<use ./images/V2.png>
Package pdftex.def Info: ./images/V2.png  used on input line 24.
(pdftex.def)             Requested size: 307.28987pt x 174.49028pt.

Overfull \vbox (3.59428pt too high) detected at line 24
 []

File: images/omm_logo.png Graphic file (type png)
<use images/omm_logo.png>
Package pdftex.def Info: images/omm_logo.png  used on input line 24.
(pdftex.def)             Requested size: 0.0pt x 0.0pt.
[34

 <./images/V2.png>]
<./images/V3.png, id=3507, 455.301pt x 113.223pt>
File: ./images/V3.png Graphic file (type png)
<use ./images/V3.png>
Package pdftex.def Info: ./images/V3.png  used on input line 36.
(pdftex.def)             Requested size: 307.28987pt x 76.41876pt.
File: images/omm_logo.png Graphic file (type png)
<use images/omm_logo.png>
Package pdftex.def Info: images/omm_logo.png  used on input line 36.
(pdftex.def)             Requested size: 0.0pt x 0.0pt.
 [35

 <./images/V3.png>]
<./images/V4.png, id=3606, 453.49425pt x 136.1085pt>
File: ./images/V4.png Graphic file (type png)
<use ./images/V4.png>
Package pdftex.def Info: ./images/V4.png  used on input line 48.
(pdftex.def)             Requested size: 307.28987pt x 92.23271pt.
File: images/omm_logo.png Graphic file (type png)
<use images/omm_logo.png>
Package pdftex.def Info: images/omm_logo.png  used on input line 48.
(pdftex.def)             Requested size: 0.0pt x 0.0pt.
 [36

 <./images/V4.png>]
<./images/V5.png, id=3705, 455.301pt x 151.767pt>
File: ./images/V5.png Graphic file (type png)
<use ./images/V5.png>
Package pdftex.def Info: ./images/V5.png  used on input line 60.
(pdftex.def)             Requested size: 307.28987pt x 102.43365pt.
File: images/omm_logo.png Graphic file (type png)
<use images/omm_logo.png>
Package pdftex.def Info: images/omm_logo.png  used on input line 60.
(pdftex.def)             Requested size: 0.0pt x 0.0pt.
 [37

 <./images/V5.png>]
<./images/V6.png, id=3805, 452.892pt x 136.71075pt>
File: ./images/V6.png Graphic file (type png)
<use ./images/V6.png>
Package pdftex.def Info: ./images/V6.png  used on input line 73.
(pdftex.def)             Requested size: 307.28987pt x 92.76181pt.
File: images/omm_logo.png Graphic file (type png)
<use images/omm_logo.png>
Package pdftex.def Info: images/omm_logo.png  used on input line 73.
(pdftex.def)             Requested size: 0.0pt x 0.0pt.
 [38

 <./images/V6.png>]
<./images/V7.png, id=3904, 486.01575pt x 286.671pt>
File: ./images/V7.png Graphic file (type png)
<use ./images/V7.png>
Package pdftex.def Info: ./images/V7.png  used on input line 85.
(pdftex.def)             Requested size: 276.559pt x 163.12859pt.
File: images/omm_logo.png Graphic file (type png)
<use images/omm_logo.png>
Package pdftex.def Info: images/omm_logo.png  used on input line 85.
(pdftex.def)             Requested size: 0.0pt x 0.0pt.
 [39

 <./images/V7.png>]) (Conclusiones.tex
File: images/omm_logo.png Graphic file (type png)
<use images/omm_logo.png>
Package pdftex.def Info: images/omm_logo.png  used on input line 10.
(pdftex.def)             Requested size: 0.0pt x 0.0pt.
 [40

])
File: images/CampusUDB.jpg Graphic file (type jpg)
<use images/CampusUDB.jpg>
Package pdftex.def Info: images/CampusUDB.jpg  used on input line 139.
(pdftex.def)             Requested size: 364.19568pt x 243.09903pt.
File: images/omm_logo.png Graphic file (type png)
<use images/omm_logo.png>
Package pdftex.def Info: images/omm_logo.png  used on input line 139.
(pdftex.def)             Requested size: 0.0pt x 0.0pt.
 [41

] (Anexos.tex
File: images/omm_logo.png Graphic file (type png)
<use images/omm_logo.png>
Package pdftex.def Info: images/omm_logo.png  used on input line 13.
(pdftex.def)             Requested size: 0.0pt x 0.0pt.
 [42

]
<./images/LibroEnergiaSatelites.png, id=4235, 280.6485pt x 398.08725pt>
File: ./images/LibroEnergiaSatelites.png Graphic file (type png)
<use ./images/LibroEnergiaSatelites.png>
Package pdftex.def Info: ./images/LibroEnergiaSatelites.png  used on input line 36.
(pdftex.def)             Requested size: 88.80396pt x 125.96306pt.
<./images/Birds_logo.png, id=4238, 889.3225pt x 500.87125pt>
File: ./images/Birds_logo.png Graphic file (type png)
<use ./images/Birds_logo.png>
Package pdftex.def Info: ./images/Birds_logo.png  used on input line 36.
(pdftex.def)             Requested size: 151.89813pt x 85.5444pt.

Overfull \vbox (8.86708pt too high) detected at line 36
 []

File: images/omm_logo.png Graphic file (type png)
<use images/omm_logo.png>
Package pdftex.def Info: images/omm_logo.png  used on input line 36.
(pdftex.def)             Requested size: 0.0pt x 0.0pt.
[43

 <./images/LibroEnergiaSatelites.png> <./images/Birds_logo.png>]
<./images/pycubed.jpg, id=4293, 2007.5pt x 1289.81876pt>
File: ./images/pycubed.jpg Graphic file (type jpg)
<use ./images/pycubed.jpg>
Package pdftex.def Info: ./images/pycubed.jpg  used on input line 59.
(pdftex.def)             Requested size: 175.26874pt x 112.59514pt.

Overfull \hbox (21.62381pt too wide) in paragraph at lines 59--59
 [][] 
 []

<./images/TASEC_Lab.png, id=4296, 377.61075pt x 253.54726pt>
File: ./images/TASEC_Lab.png Graphic file (type png)
<use ./images/TASEC_Lab.png>
Package pdftex.def Info: ./images/TASEC_Lab.png  used on input line 59.
(pdftex.def)             Requested size: 140.21642pt x 94.14758pt.
File: images/omm_logo.png Graphic file (type png)
<use images/omm_logo.png>
Package pdftex.def Info: images/omm_logo.png  used on input line 59.
(pdftex.def)             Requested size: 0.0pt x 0.0pt.
[44

 <./images/pycubed.jpg> <./images/TASEC_Lab.png>]
<./images/BS170_Pinout.png, id=4349, 268.6035pt x 183.084pt>
File: ./images/BS170_Pinout.png Graphic file (type png)
<use ./images/BS170_Pinout.png>
Package pdftex.def Info: ./images/BS170_Pinout.png  used on input line 75.
(pdftex.def)             Requested size: 122.91406pt x 83.77826pt.

Overfull \vbox (0.71558pt too high) detected at line 75
 []

File: images/omm_logo.png Graphic file (type png)
<use images/omm_logo.png>
Package pdftex.def Info: images/omm_logo.png  used on input line 75.
(pdftex.def)             Requested size: 0.0pt x 0.0pt.
[45

 <./images/BS170_Pinout.png>]
<./images/2N2222ApowerD.png, id=4398, 341.47575pt x 240.9pt>
File: ./images/2N2222ApowerD.png Graphic file (type png)
<use ./images/2N2222ApowerD.png>
Package pdftex.def Info: ./images/2N2222ApowerD.png  used on input line 99.
(pdftex.def)             Requested size: 151.89813pt x 107.15788pt.
<./images/resvscorriente.png, id=4399, 347.04657pt x 221.32687pt>
File: ./images/resvscorriente.png Graphic file (type png)
<use ./images/resvscorriente.png>
Package pdftex.def Info: ./images/resvscorriente.png  used on input line 99.
(pdftex.def)             Requested size: 163.58344pt x 104.32758pt.

Overfull \hbox (9.9385pt too wide) in paragraph at lines 99--99
 [][] 
 []

File: images/omm_logo.png Graphic file (type png)
<use images/omm_logo.png>
Package pdftex.def Info: images/omm_logo.png  used on input line 99.
(pdftex.def)             Requested size: 0.0pt x 0.0pt.
[46

 <./images/2N2222ApowerD.png> <./images/resvscorriente.png>]
File: ./images/4S1P_A.png Graphic file (type png)
<use ./images/4S1P_A.png>
Package pdftex.def Info: ./images/4S1P_A.png  used on input line 113.
(pdftex.def)             Requested size: 215.10196pt x 145.96167pt.

pdfTeX warning (ext4): destination with the same identifier (name{fig:4S1P_A}) has been already used, duplicate ignored
<to be read again> 
                   \relax 
l.113 \end{frame}
                 
Overfull \vbox (1.66568pt too high) detected at line 113
 []

File: images/omm_logo.png Graphic file (type png)
<use images/omm_logo.png>
Package pdftex.def Info: images/omm_logo.png  used on input line 113.
(pdftex.def)             Requested size: 0.0pt x 0.0pt.
[47

]
File: ./images/4S1P_B.png Graphic file (type png)
<use ./images/4S1P_B.png>
Package pdftex.def Info: ./images/4S1P_B.png  used on input line 125.
(pdftex.def)             Requested size: 215.10196pt x 150.8612pt.

pdfTeX warning (ext4): destination with the same identifier (name{fig:4S1P_B}) has been already used, duplicate ignored
<to be read again> 
                   \relax 
l.125 \end{frame}
                 
Overfull \vbox (6.56522pt too high) detected at line 125
 []

File: images/omm_logo.png Graphic file (type png)
<use images/omm_logo.png>
Package pdftex.def Info: images/omm_logo.png  used on input line 125.
(pdftex.def)             Requested size: 0.0pt x 0.0pt.
[48

]
<./images/2S2P_A.png, id=4542, 693.792pt x 487.8225pt>
File: ./images/2S2P_A.png Graphic file (type png)
<use ./images/2S2P_A.png>
Package pdftex.def Info: ./images/2S2P_A.png  used on input line 137.
(pdftex.def)             Requested size: 215.10196pt x 151.2383pt.

Overfull \vbox (6.9423pt too high) detected at line 137
 []

File: images/omm_logo.png Graphic file (type png)
<use images/omm_logo.png>
Package pdftex.def Info: images/omm_logo.png  used on input line 137.
(pdftex.def)             Requested size: 0.0pt x 0.0pt.
[49

 <./images/2S2P_A.png>]
<./images/2S2P_B.png, id=4592, 703.428pt x 480.5955pt>
File: ./images/2S2P_B.png Graphic file (type png)
<use ./images/2S2P_B.png>
Package pdftex.def Info: ./images/2S2P_B.png  used on input line 149.
(pdftex.def)             Requested size: 215.10196pt x 146.95908pt.

Overfull \vbox (2.66309pt too high) detected at line 149
 []

File: images/omm_logo.png Graphic file (type png)
<use images/omm_logo.png>
Package pdftex.def Info: images/omm_logo.png  used on input line 149.
(pdftex.def)             Requested size: 0.0pt x 0.0pt.
[50

 <./images/2S2P_B.png>]
File: images/omm_logo.png Graphic file (type png)
<use images/omm_logo.png>
Package pdftex.def Info: images/omm_logo.png  used on input line 160.
(pdftex.def)             Requested size: 0.0pt x 0.0pt.
 [51

]
<./images/EPS_Sheets_page-0001.jpg, id=4687, 513.5988pt x 742.9356pt>
File: ./images/EPS_Sheets_page-0001.jpg Graphic file (type jpg)
<use ./images/EPS_Sheets_page-0001.jpg>
Package pdftex.def Info: ./images/EPS_Sheets_page-0001.jpg  used on input line 174.
(pdftex.def)             Requested size: 184.3758pt x 266.69708pt.

Overfull \vbox (26.4798pt too high) detected at line 174
 []

File: images/omm_logo.png Graphic file (type png)
<use images/omm_logo.png>
Package pdftex.def Info: images/omm_logo.png  used on input line 174.
(pdftex.def)             Requested size: 0.0pt x 0.0pt.
[52

 <./images/EPS_Sheets_page-0001.jpg>]
<./images/EPS_Sheets_page-0002.jpg, id=4735, 511.1898pt x 743.8992pt>
File: ./images/EPS_Sheets_page-0002.jpg Graphic file (type jpg)
<use ./images/EPS_Sheets_page-0002.jpg>
Package pdftex.def Info: ./images/EPS_Sheets_page-0002.jpg  used on input line 188.
(pdftex.def)             Requested size: 184.3758pt x 268.30295pt.

Overfull \vbox (26.4798pt too high) detected at line 188
 []

File: images/omm_logo.png Graphic file (type png)
<use images/omm_logo.png>
Package pdftex.def Info: images/omm_logo.png  used on input line 188.
(pdftex.def)             Requested size: 0.0pt x 0.0pt.
[53

 <./images/EPS_Sheets_page-0002.jpg>]
<./images/EPS_Sheets_page-0003.jpg, id=4783, 516.0078pt x 750.6444pt>
File: ./images/EPS_Sheets_page-0003.jpg Graphic file (type jpg)
<use ./images/EPS_Sheets_page-0003.jpg>
Package pdftex.def Info: ./images/EPS_Sheets_page-0003.jpg  used on input line 201.
(pdftex.def)             Requested size: 184.3758pt x 268.21588pt.

Overfull \vbox (26.4798pt too high) detected at line 201
 []

File: images/omm_logo.png Graphic file (type png)
<use images/omm_logo.png>
Package pdftex.def Info: images/omm_logo.png  used on input line 201.
(pdftex.def)             Requested size: 0.0pt x 0.0pt.
[54

 <./images/EPS_Sheets_page-0003.jpg>]
<./images/EPS_Sheets_page-0004.jpg, id=4831, 517.4532pt x 745.8264pt>
File: ./images/EPS_Sheets_page-0004.jpg Graphic file (type jpg)
<use ./images/EPS_Sheets_page-0004.jpg>
Package pdftex.def Info: ./images/EPS_Sheets_page-0004.jpg  used on input line 214.
(pdftex.def)             Requested size: 184.3758pt x 265.75462pt.

pdfTeX warning (ext4): destination with the same identifier (name{fig:Esquematico4}) has been already used, duplicate ignored
<to be read again> 
                   \relax 
l.214 \end{frame}
                 
Overfull \vbox (26.4798pt too high) detected at line 214
 []

File: images/omm_logo.png Graphic file (type png)
<use images/omm_logo.png>
Package pdftex.def Info: images/omm_logo.png  used on input line 214.
(pdftex.def)             Requested size: 0.0pt x 0.0pt.
[55

 <./images/EPS_Sheets_page-0004.jpg>]
<./images/EPS_Sheets_page-0005.jpg, id=4879, 518.8986pt x 748.7172pt>
File: ./images/EPS_Sheets_page-0005.jpg Graphic file (type jpg)
<use ./images/EPS_Sheets_page-0005.jpg>
Package pdftex.def Info: ./images/EPS_Sheets_page-0005.jpg  used on input line 227.
(pdftex.def)             Requested size: 184.3758pt x 266.03065pt.

Overfull \vbox (26.4798pt too high) detected at line 227
 []

File: images/omm_logo.png Graphic file (type png)
<use images/omm_logo.png>
Package pdftex.def Info: images/omm_logo.png  used on input line 227.
(pdftex.def)             Requested size: 0.0pt x 0.0pt.
[56

 <./images/EPS_Sheets_page-0005.jpg>]
File: images/omm_logo.png Graphic file (type png)
<use images/omm_logo.png>
Package pdftex.def Info: images/omm_logo.png  used on input line 241.
(pdftex.def)             Requested size: 0.0pt x 0.0pt.
 [57

]
File: images/omm_logo.png Graphic file (type png)
<use images/omm_logo.png>
Package pdftex.def Info: images/omm_logo.png  used on input line 256.
(pdftex.def)             Requested size: 0.0pt x 0.0pt.
 [58

]
File: images/omm_logo.png Graphic file (type png)
<use images/omm_logo.png>
Package pdftex.def Info: images/omm_logo.png  used on input line 280.
(pdftex.def)             Requested size: 0.0pt x 0.0pt.
 [59

])
File: images/omm_logo.png Graphic file (type png)
<use images/omm_logo.png>
Package pdftex.def Info: images/omm_logo.png  used on input line 150.
(pdftex.def)             Requested size: 0.0pt x 0.0pt.
 [60

]

LaTeX Font Warning: Font shape `OT1/cmss/m/sc' in size <12> not available
(Font)              Font shape `OT1/cmr/m/sc' tried instead on input line 150.

File: images/omm_logo.png Graphic file (type png)
<use images/omm_logo.png>
Package pdftex.def Info: images/omm_logo.png  used on input line 150.
(pdftex.def)             Requested size: 0.0pt x 0.0pt.
[61]
File: images/omm_logo.png Graphic file (type png)
<use images/omm_logo.png>
Package pdftex.def Info: images/omm_logo.png  used on input line 150.
(pdftex.def)             Requested size: 0.0pt x 0.0pt.
 [62]
File: images/omm_logo.png Graphic file (type png)
<use images/omm_logo.png>
Package pdftex.def Info: images/omm_logo.png  used on input line 151.
(pdftex.def)             Requested size: 0.0pt x 0.0pt.
 [63]
\tf@nav=\write7
\openout7 = `main.nav'.

\tf@toc=\write8
\openout8 = `main.toc'.

\tf@snm=\write9
\openout9 = `main.snm'.

 (main.aux
LaTeX Info: Redefining \sptext on input line 12.
LaTeX Info: Redefining \. on input line 12.
LaTeX Info: Redefining \% on input line 12.
 (TablaContenidos.aux))
 ***********
LaTeX2e <2023-11-01>
L3 programming layer <2023-12-11>
 ***********


LaTeX Warning: There were multiply-defined labels.

Package rerunfilecheck Info: File `main.out' has not changed.
(rerunfilecheck)             Checksum: 04FC91275032D8F765C4241E00CBEE69;1145.
Package logreq Info: Writing requests to 'main.run.xml'.
\openout1 = `main.run.xml'.

 ) 
Here is how much of TeX's memory you used:
 36945 strings out of 474495
 748305 string characters out of 5743934
 1966460 words of memory out of 5000000
 58352 multiletter control sequences out of 15000+600000
 569794 words of font info for 77 fonts, out of 8000000 for 9000
 1141 hyphenation exceptions out of 8191
 128i,19n,123p,1209b,2089s stack positions out of 10000i,1000n,20000p,200000b,200000s
 <C:\Users\josue\AppData\Local\MiKTeX\fonts/pk/ljfour/jknappen/ec/dpi600\tcss1200.pk><C:/Users/josue/AppData/Local/Programs/MiKTeX/fonts/type1/public/amsfonts/cm/cmcsc10.pfb><C:/Users/josue/AppData/Local/Programs/MiKTeX/fonts/type1/public/amsfonts/cm/cmmi10.pfb><C:/Users/josue/AppData/Local/Programs/MiKTeX/fonts/type1/public/amsfonts/cm/cmss10.pfb><C:/Users/josue/AppData/Local/Programs/MiKTeX/fonts/type1/public/amsfonts/cm/cmss12.pfb><C:/Users/josue/AppData/Local/Programs/MiKTeX/fonts/type1/public/amsfonts/cm/cmss17.pfb><C:/Users/josue/AppData/Local/Programs/MiKTeX/fonts/type1/public/amsfonts/cm/cmss8.pfb><C:/Users/josue/AppData/Local/Programs/MiKTeX/fonts/type1/public/amsfonts/cm/cmssbx10.pfb><C:/Users/josue/AppData/Local/Programs/MiKTeX/fonts/type1/public/amsfonts/cm/cmssi10.pfb><C:/Users/josue/AppData/Local/Programs/MiKTeX/fonts/type1/public/amsfonts/cm/cmssi12.pfb><C:/Users/josue/AppData/Local/Programs/MiKTeX/fonts/type1/public/amsfonts/cm/cmssi8.pfb><C:/Users/josue/AppData/Local/Programs/MiKTeX/fonts/type1/public/amsfonts/cm/cmsy10.pfb><C:/Users/josue/AppData/Local/Programs/MiKTeX/fonts/type1/public/amsfonts/cm/cmtt12.pfb><C:/Users/josue/AppData/Local/Programs/MiKTeX/fonts/type1/public/amsfonts/symbols/msam10.pfb>
Output written on main.pdf (63 pages, 8661584 bytes).
PDF statistics:
 5269 PDF objects out of 6186 (max. 8388607)
 198 named destinations out of 1000 (max. 500000)
 371 words of extra memory for PDF output out of 10000 (max. 10000000)

