\BOOKMARK [0][-]{chapter*.1}{\376\377\000A\000b\000s\000t\000r\000a\000c\000t}{}% 1
\BOOKMARK [0][-]{chapter*.2}{\376\377\000A\000g\000r\000a\000d\000e\000c\000i\000m\000i\000e\000n\000t\000o\000s}{}% 2
\BOOKMARK [0][-]{section*.3}{\376\377\000\315\000n\000d\000i\000c\000e\000\040\000g\000e\000n\000e\000r\000a\000l}{}% 3
\BOOKMARK [0][-]{section*.4}{\376\377\000\315\000n\000d\000i\000c\000e\000\040\000d\000e\000\040\000f\000i\000g\000u\000r\000a\000s}{}% 4
\BOOKMARK [0][-]{section*.5}{\376\377\000L\000i\000s\000t\000a\000d\000o\000\040\000d\000e\000\040\000T\000a\000b\000l\000a\000s}{}% 5
\BOOKMARK [0][-]{section*.6}{\376\377\000L\000i\000s\000t\000a\000d\000o\000\040\000d\000e\000\040\000C\000\363\000d\000i\000g\000o\000s}{}% 6
\BOOKMARK [0][-]{chapter.1}{\376\377\000I\000n\000t\000r\000o\000d\000u\000c\000c\000i\000\363\000n}{}% 7
\BOOKMARK [1][-]{section.1.1}{\376\377\000P\000l\000a\000n\000t\000e\000a\000m\000i\000e\000n\000t\000o\000\040\000d\000e\000l\000\040\000p\000r\000o\000b\000l\000e\000m\000a}{chapter.1}% 8
\BOOKMARK [1][-]{section.1.2}{\376\377\000M\000o\000t\000i\000v\000a\000c\000i\000\363\000n\000\040\000d\000e\000l\000\040\000t\000r\000a\000b\000a\000j\000o}{chapter.1}% 9
\BOOKMARK [1][-]{section.1.3}{\376\377\000O\000b\000j\000e\000t\000i\000v\000o\000s\000\040\000d\000e\000\040\000l\000a\000\040\000i\000n\000v\000e\000s\000t\000i\000g\000a\000c\000i\000\363\000n}{chapter.1}% 10
\BOOKMARK [1][-]{section.1.4}{\376\377\000A\000s\000p\000e\000c\000t\000o\000s\000\040\000a\000\040\000c\000o\000n\000s\000i\000d\000e\000r\000a\000r}{chapter.1}% 11
\BOOKMARK [1][-]{section.1.5}{\376\377\000R\000u\000t\000a\000\040\000d\000e\000\040\000l\000a\000\040\000T\000e\000s\000i\000s}{chapter.1}% 12
\BOOKMARK [0][-]{chapter.2}{\376\377\000A\000n\000t\000e\000c\000e\000d\000e\000n\000t\000e\000s}{}% 13
\BOOKMARK [1][-]{section.2.1}{\376\377\000R\000e\000v\000i\000s\000i\000\363\000n\000\040\000d\000e\000l\000\040\000E\000s\000t\000a\000d\000o\000\040\000d\000e\000l\000\040\000A\000r\000t\000e\000\040\000d\000e\000\040\000S\000i\000s\000t\000e\000m\000a\000s\000\040\000d\000e\000\040\000E\000l\000\351\000c\000t\000r\000i\000c\000o\000s\000\040\000d\000e\000\040\000P\000o\000t\000e\000n\000c\000i\000a\000\040\000\050\000E\000P\000S\000\051\000\040\000e\000n\000\040\000a\000p\000l\000i\000c\000a\000c\000i\000o\000n\000e\000s\000\040\000d\000e\000\040\000g\000l\000o\000b\000o\000s\000\040\000d\000e\000\040\000g\000r\000a\000n\000\040\000a\000l\000t\000i\000t\000u\000d}{chapter.2}% 14
\BOOKMARK [1][-]{section.2.2}{\376\377\000M\000e\000t\000o\000d\000o\000l\000o\000g\000\355\000a\000\040\000p\000a\000r\000a\000\040\000e\000l\000\040\000D\000i\000s\000e\000\361\000o\000\040\000d\000e\000\040\000S\000i\000s\000t\000e\000m\000a\000s\000\040\000d\000e\000\040\000E\000l\000\351\000c\000t\000r\000i\000c\000o\000s\000\040\000d\000e\000\040\000P\000o\000t\000e\000n\000c\000i\000a\000\040\000\050\000E\000P\000S\000\051}{chapter.2}% 15
\BOOKMARK [0][-]{chapter.3}{\376\377\000N\000e\000c\000e\000s\000i\000d\000a\000d\000e\000s\000\040\000y\000\040\000L\000i\000m\000i\000t\000a\000c\000i\000o\000n\000e\000s}{}% 16
\BOOKMARK [1][-]{section.3.1}{\376\377\000C\000o\000n\000d\000i\000c\000i\000o\000n\000e\000s\000\040\000a\000m\000b\000i\000e\000n\000t\000a\000l\000e\000s}{chapter.3}% 17
\BOOKMARK [1][-]{section.3.2}{\376\377\000P\000r\000e\000s\000u\000p\000u\000e\000s\000t\000o\000\040\000e\000n\000e\000r\000g\000\351\000t\000i\000c\000o}{chapter.3}% 18
\BOOKMARK [1][-]{section.3.3}{\376\377\000L\000i\000m\000i\000t\000a\000c\000i\000o\000n\000e\000s\000\040\000d\000e\000\040\000M\000a\000s\000a\000\040\000y\000\040\000V\000o\000l\000u\000m\000e\000n}{chapter.3}% 19
\BOOKMARK [1][-]{section.3.4}{\376\377\000R\000e\000s\000u\000m\000e\000n\000\040\000d\000e\000\040\000r\000e\000q\000u\000e\000r\000i\000m\000i\000e\000n\000t\000o\000s}{chapter.3}% 20
\BOOKMARK [0][-]{chapter.4}{\376\377\000D\000e\000f\000i\000n\000i\000c\000i\000\363\000n\000\040\000d\000e\000\040\000A\000r\000q\000u\000i\000t\000e\000c\000t\000u\000r\000a}{}% 21
\BOOKMARK [1][-]{section.4.1}{\376\377\000N\000i\000v\000e\000l\000\040\0000}{chapter.4}% 22
\BOOKMARK [1][-]{section.4.2}{\376\377\000N\000i\000v\000e\000l\000\040\0001}{chapter.4}% 23
\BOOKMARK [1][-]{section.4.3}{\376\377\000N\000i\000v\000e\000l\000\040\0002}{chapter.4}% 24
\BOOKMARK [0][-]{chapter.5}{\376\377\000D\000i\000s\000e\000\361\000o\000\040\000e\000\040\000I\000m\000p\000l\000e\000m\000e\000n\000t\000a\000c\000i\000\363\000n\000\040\000d\000e\000l\000\040\000S\000i\000s\000t\000e\000m\000a}{}% 25
\BOOKMARK [1][-]{section.5.1}{\376\377\000M\000i\000c\000r\000o\000c\000o\000n\000t\000r\000o\000l\000a\000d\000o\000r}{chapter.5}% 26
\BOOKMARK [1][-]{section.5.2}{\376\377\000D\000a\000t\000a\000l\000o\000g\000g\000e\000r}{chapter.5}% 27
\BOOKMARK [1][-]{section.5.3}{\376\377\000E\000t\000a\000p\000a\000\040\000d\000e\000\040\000P\000o\000t\000e\000n\000c\000i\000a}{chapter.5}% 28
\BOOKMARK [1][-]{section.5.4}{\376\377\000I\000n\000s\000t\000r\000u\000m\000e\000n\000t\000a\000c\000i\000\363\000n}{chapter.5}% 29
\BOOKMARK [1][-]{section.5.5}{\376\377\000B\000a\000t\000e\000r\000\355\000a\000s}{chapter.5}% 30
\BOOKMARK [1][-]{section.5.6}{\376\377\000S\000e\000l\000e\000c\000c\000i\000\363\000n\000\040\000d\000e\000l\000\040\000C\000a\000r\000g\000a\000d\000o\000r\000\040\000p\000a\000r\000a\000\040\000e\000l\000\040\000S\000i\000s\000t\000e\000m\000a\000\040\000d\000e\000\040\000E\000n\000e\000r\000g\000\355\000a\000\040\000\050\000E\000P\000S\000\051}{chapter.5}% 31
\BOOKMARK [1][-]{section.5.7}{\376\377\000R\000e\000g\000u\000l\000a\000c\000i\000\363\000n\000\040\000d\000e\000\040\000V\000o\000l\000t\000a\000j\000e}{chapter.5}% 32
\BOOKMARK [1][-]{section.5.8}{\376\377\000R\000e\000v\000i\000s\000i\000\363\000n\000\040\000d\000e\000\040\000a\000u\000t\000o\000c\000o\000n\000s\000u\000m\000o\000\040\000d\000e\000\040\000E\000P\000S}{chapter.5}% 33
\BOOKMARK [1][-]{section.5.9}{\376\377\000D\000i\000s\000p\000o\000s\000i\000t\000i\000v\000o\000s\000\040\000d\000e\000\040\000P\000r\000o\000t\000e\000c\000c\000i\000\363\000n\000\040\000E\000l\000\351\000c\000t\000r\000i\000c\000a}{chapter.5}% 34
\BOOKMARK [0][-]{chapter.6}{\376\377\000I\000n\000t\000e\000g\000r\000a\000c\000i\000\363\000n\000\040\000d\000e\000\040\000S\000i\000s\000t\000e\000m\000a\000s}{}% 35
\BOOKMARK [1][-]{section.6.1}{\376\377\000S\000o\000f\000t\000w\000a\000r\000e}{chapter.6}% 36
\BOOKMARK [1][-]{section.6.2}{\376\377\000H\000a\000r\000d\000w\000a\000r\000e}{chapter.6}% 37
\BOOKMARK [0][-]{chapter.7}{\376\377\000V\000a\000l\000i\000d\000a\000c\000i\000\363\000n\000\040\000y\000\040\000V\000e\000r\000i\000f\000i\000c\000a\000c\000i\000\363\000n\000\040\000d\000e\000l\000\040\000S\000i\000s\000t\000e\000m\000a}{}% 38
\BOOKMARK [0][-]{chapter.8}{\376\377\000C\000o\000n\000c\000l\000u\000s\000i\000o\000n\000e\000s}{}% 39
\BOOKMARK [1][-]{section.8.1}{\376\377\000R\000e\000s\000u\000m\000e\000n\000\040\000d\000e\000\040\000l\000a\000\040\000T\000e\000s\000i\000s}{chapter.8}% 40
\BOOKMARK [1][-]{section.8.2}{\376\377\000C\000o\000n\000t\000r\000i\000b\000u\000c\000i\000o\000n\000e\000s\000\040\000d\000e\000\040\000l\000a\000\040\000T\000e\000s\000i\000s}{chapter.8}% 41
\BOOKMARK [1][-]{section.8.3}{\376\377\000T\000r\000a\000b\000a\000j\000o\000s\000\040\000f\000u\000t\000u\000r\000o\000s}{chapter.8}% 42
\BOOKMARK [0][-]{section*.142}{\376\377\000B\000i\000b\000l\000i\000o\000g\000r\000a\000f\000\355\000a}{}% 43
\BOOKMARK [0][-]{appendix.Alph1}{}{}% 44
\BOOKMARK [0][-]{appendix.Alph2}{}{}% 45
